{"level":"info","message":"Server running on port 3000","timestamp":"2024-12-14T10:44:06.086Z"}
{"level":"info","message":"Server running on port 3000","timestamp":"2024-12-14T10:44:17.707Z"}
{"level":"info","message":"Server running on port 3000","timestamp":"2024-12-14T10:46:39.386Z"}
{"level":"info","message":"Server running on port 3000","timestamp":"2024-12-14T10:47:03.359Z"}
{"level":"info","message":"Server running on port 3000","timestamp":"2024-12-14T10:48:18.477Z"}
{"level":"info","message":"Starting execution 568b7dc0-ce2f-4bfd-ad84-bcebca0367d7 for language: javascript","timestamp":"2024-12-14T10:48:44.348Z"}
{"level":"info","message":"Starting execution d56c565b-8e99-4fb9-97c1-d07cb0caaba7 for language: javascript","timestamp":"2024-12-14T10:49:02.546Z"}
{"level":"info","message":"Starting execution 6aa55f73-117f-4aaa-82a5-61566e46eefa for language: javascript","timestamp":"2024-12-14T10:49:02.548Z"}
{"level":"info","message":"Starting execution 81ae4bf6-d206-484e-a840-db01e5c1cb61 for language: javascript","timestamp":"2024-12-14T10:49:02.550Z"}
{"level":"info","message":"Starting execution e00191ff-fbb0-4a1f-97cf-eb930667c974 for language: javascript","timestamp":"2024-12-14T10:49:02.551Z"}
{"level":"info","message":"Starting execution 5152e368-9019-454b-8e26-9668249d6a6c for language: javascript","timestamp":"2024-12-14T10:49:02.553Z"}
{"level":"info","message":"Starting execution b785bb11-4d13-4297-9b54-d36789ef59cd for language: javascript","timestamp":"2024-12-14T10:49:02.555Z"}
{"level":"info","message":"Starting execution e17e253c-cd11-41b7-b8de-f286d34ef8e6 for language: javascript","timestamp":"2024-12-14T10:49:02.556Z"}
{"level":"info","message":"Starting execution 09d921f8-1494-4f4b-9a14-68f8c2ffa661 for language: javascript","timestamp":"2024-12-14T10:49:02.558Z"}
{"level":"info","message":"Starting execution 1334bed2-c345-43fe-8950-31f39a475d02 for language: javascript","timestamp":"2024-12-14T10:49:02.560Z"}
{"level":"info","message":"Starting execution 4220af71-8342-4c38-b9e7-706a7dc19b18 for language: javascript","timestamp":"2024-12-14T10:49:02.563Z"}
{"level":"info","message":"Starting execution 510b0433-8cd8-4a49-a40b-c83872ff7dab for language: javascript","timestamp":"2024-12-14T10:49:02.565Z"}
{"level":"info","message":"Starting execution ab96ed1a-8cd9-450f-b187-243ecbd8fe36 for language: javascript","timestamp":"2024-12-14T10:49:02.567Z"}
{"level":"info","message":"Starting execution c0e35b38-678f-41e6-a8b7-a169a39e3cb7 for language: javascript","timestamp":"2024-12-14T10:49:02.568Z"}
{"level":"info","message":"Starting execution 6d9168c1-246e-48bc-b49f-5140af3c20f0 for language: javascript","timestamp":"2024-12-14T10:49:02.570Z"}
{"level":"info","message":"Starting execution 78919ff6-baa5-4432-a61f-c3f1c4eaeff4 for language: javascript","timestamp":"2024-12-14T10:49:02.573Z"}
{"level":"info","message":"Starting execution d2686304-52f7-402b-9ee0-2938adeabb07 for language: javascript","timestamp":"2024-12-14T10:49:02.575Z"}
{"level":"info","message":"Starting execution faff4b87-ef7f-4900-b7fd-0ff91210a99b for language: javascript","timestamp":"2024-12-14T10:49:02.577Z"}
{"level":"info","message":"Starting execution 0af14129-6c9f-4361-a3d0-21929579a026 for language: javascript","timestamp":"2024-12-14T10:49:02.578Z"}
{"level":"info","message":"Starting execution b0943f5f-c831-48c3-a4a9-d00406d1dca7 for language: javascript","timestamp":"2024-12-14T10:49:02.579Z"}
{"level":"info","message":"Starting execution d00e1c45-7b37-4731-964f-85c01b5f0e6d for language: javascript","timestamp":"2024-12-14T10:49:02.581Z"}
{"level":"info","message":"Starting execution d60ce34b-c84a-4d35-9568-ceec8404dcc4 for language: javascript","timestamp":"2024-12-14T10:49:02.582Z"}
{"level":"info","message":"Starting execution 4060fcfd-7395-47af-b784-02e3b59fd7a7 for language: javascript","timestamp":"2024-12-14T10:49:02.583Z"}
{"level":"info","message":"Starting execution cdad54c0-55f6-4306-b1d5-5442e860f9f5 for language: javascript","timestamp":"2024-12-14T10:49:02.584Z"}
{"level":"info","message":"Starting execution 3fba824b-3c72-4592-8220-26f567280f1d for language: javascript","timestamp":"2024-12-14T10:49:02.585Z"}
{"level":"info","message":"Starting execution c7daa08e-8661-4be6-a013-17627615b464 for language: javascript","timestamp":"2024-12-14T10:49:02.586Z"}
{"level":"info","message":"Starting execution e62b29ed-8116-45ad-a295-c352205e8aca for language: javascript","timestamp":"2024-12-14T10:49:02.587Z"}
{"level":"info","message":"Starting execution f32008a7-4680-45fc-a080-79ad9184792d for language: javascript","timestamp":"2024-12-14T10:49:02.588Z"}
{"level":"info","message":"Starting execution c454ba21-82fb-4a72-9c2a-4dcc5400a484 for language: javascript","timestamp":"2024-12-14T10:49:02.589Z"}
{"level":"info","message":"Starting execution f2633ca7-fc97-420f-8ffd-6e439d572a08 for language: javascript","timestamp":"2024-12-14T10:49:02.590Z"}
{"level":"info","message":"Starting execution 532fe52b-f72b-4b6c-9414-568b0355f35c for language: javascript","timestamp":"2024-12-14T10:49:02.591Z"}
{"level":"info","message":"Starting execution af4bb08c-c5f1-4275-8470-22a2b77eb42f for language: javascript","timestamp":"2024-12-14T10:49:02.592Z"}
{"level":"info","message":"Starting execution eb7a5973-00c8-4fd0-a8d5-a8f214e72aa2 for language: javascript","timestamp":"2024-12-14T10:49:02.593Z"}
{"level":"info","message":"Starting execution dadf909c-28ec-4df6-a928-0dbcb37baee4 for language: javascript","timestamp":"2024-12-14T10:49:02.594Z"}
{"level":"info","message":"Starting execution 627c8794-7cdd-48af-807d-e1f559f8f309 for language: javascript","timestamp":"2024-12-14T10:49:02.595Z"}
{"level":"info","message":"Starting execution 6ca22861-492f-4a1d-ab41-91e3f440bd51 for language: javascript","timestamp":"2024-12-14T10:49:02.599Z"}
{"level":"info","message":"Starting execution d4a77b72-a7f7-4a22-b252-e0859dd47251 for language: javascript","timestamp":"2024-12-14T10:49:02.600Z"}
{"level":"info","message":"Starting execution 341cc53f-6fc1-4dbc-91fe-26dce66c7151 for language: javascript","timestamp":"2024-12-14T10:49:02.601Z"}
{"level":"info","message":"Starting execution 3b500beb-f157-4845-b969-a449c4a8ca2f for language: javascript","timestamp":"2024-12-14T10:49:02.602Z"}
{"level":"info","message":"Starting execution b159122d-fe63-43ea-87ad-34854c526e15 for language: javascript","timestamp":"2024-12-14T10:49:02.603Z"}
{"level":"info","message":"Starting execution 6624ef04-1d24-403c-a823-517979b9903b for language: javascript","timestamp":"2024-12-14T10:49:02.604Z"}
{"level":"info","message":"Starting execution a3d9f4e7-c056-419c-863e-dc3f83ec6ff2 for language: javascript","timestamp":"2024-12-14T10:49:02.606Z"}
{"level":"info","message":"Starting execution cd8e6360-8e9b-4664-8407-1922cdc1da21 for language: javascript","timestamp":"2024-12-14T10:49:02.607Z"}
{"level":"info","message":"Starting execution 1d3ec494-d9cd-4f20-bc30-c8bb20065790 for language: javascript","timestamp":"2024-12-14T10:49:02.609Z"}
{"level":"info","message":"Starting execution 1087ecc1-fc3d-4aac-95b0-49b5074df1e2 for language: javascript","timestamp":"2024-12-14T10:49:02.610Z"}
{"level":"info","message":"Starting execution 837fbc1c-c7bb-4817-97b0-42224089c9e9 for language: javascript","timestamp":"2024-12-14T10:49:02.611Z"}
{"level":"info","message":"Starting execution e6c5fb4b-362c-4667-8b73-c13a9cf625e8 for language: javascript","timestamp":"2024-12-14T10:49:02.612Z"}
{"level":"info","message":"Starting execution c3b4a82a-9d73-4310-93d0-256fa8372ed2 for language: javascript","timestamp":"2024-12-14T10:49:02.614Z"}
{"level":"info","message":"Starting execution 388c8ad3-bddb-44ff-87ed-765cf70fd92f for language: javascript","timestamp":"2024-12-14T10:49:02.615Z"}
{"level":"info","message":"Starting execution a8bf89ad-fd8c-4c3f-b3ac-7faea68e3434 for language: javascript","timestamp":"2024-12-14T10:49:02.616Z"}
{"level":"info","message":"Starting execution 50983d77-bc84-495a-9b5b-a7153a8e0b92 for language: javascript","timestamp":"2024-12-14T10:49:02.617Z"}
{"level":"info","message":"Starting execution e03a0f69-aed8-4032-bace-7f8f7e13436c for language: javascript","timestamp":"2024-12-14T10:49:02.618Z"}
{"level":"info","message":"Starting execution 3fbd55d3-0bcc-4b68-b064-45be7c67b79d for language: javascript","timestamp":"2024-12-14T10:49:02.619Z"}
{"level":"info","message":"Starting execution 80324b9c-8647-4ca4-905c-ef16746bc590 for language: javascript","timestamp":"2024-12-14T10:49:02.622Z"}
{"level":"info","message":"Starting execution f0c88f3f-fae7-4d06-9806-75a0501c9d65 for language: javascript","timestamp":"2024-12-14T10:49:02.623Z"}
{"level":"info","message":"Starting execution 99230f13-9c30-43ac-a085-55312cef5166 for language: javascript","timestamp":"2024-12-14T10:49:02.624Z"}
{"level":"info","message":"Starting execution 4d09adc3-0aa6-4f00-9447-671d82c13e2a for language: javascript","timestamp":"2024-12-14T10:49:02.625Z"}
{"level":"info","message":"Starting execution 35a0771e-6524-4681-80cd-22a93bba7848 for language: javascript","timestamp":"2024-12-14T10:49:02.626Z"}
{"level":"info","message":"Starting execution 2ce28920-5dc0-43a4-ad14-1d14345e2b93 for language: javascript","timestamp":"2024-12-14T10:49:02.627Z"}
{"level":"info","message":"Starting execution f03e3c2e-648b-4808-9ce3-a068f708f8f3 for language: javascript","timestamp":"2024-12-14T10:49:02.628Z"}
{"level":"info","message":"Starting execution 689ad1a6-0786-4011-88f1-85d682bdc49b for language: javascript","timestamp":"2024-12-14T10:49:02.629Z"}
{"level":"info","message":"Starting execution 09f3fb80-6dba-4c2a-8618-42f6295b58c4 for language: javascript","timestamp":"2024-12-14T10:49:02.630Z"}
{"level":"info","message":"Starting execution 94a35a65-87d4-42df-8933-e1de40afd79f for language: javascript","timestamp":"2024-12-14T10:49:02.632Z"}
{"level":"info","message":"Starting execution 7374be97-976c-4a86-9f61-26528abbb96d for language: javascript","timestamp":"2024-12-14T10:49:02.633Z"}
{"level":"info","message":"Starting execution 03b4727a-b010-4b0e-96cb-803cadbec33b for language: javascript","timestamp":"2024-12-14T10:49:02.634Z"}
{"level":"info","message":"Starting execution 40902b1d-0e1e-49a9-a53f-576a5470e6f1 for language: javascript","timestamp":"2024-12-14T10:49:02.635Z"}
{"level":"info","message":"Starting execution 167dce82-5f6d-472d-9d6f-fa9f97b67f6f for language: javascript","timestamp":"2024-12-14T10:49:02.636Z"}
{"level":"info","message":"Starting execution 9e56c4dc-0a17-48be-b1d4-6059d2802723 for language: javascript","timestamp":"2024-12-14T10:49:02.637Z"}
{"level":"info","message":"Starting execution 556b6e38-84de-454d-a839-32a69a11ab19 for language: javascript","timestamp":"2024-12-14T10:49:02.638Z"}
{"level":"info","message":"Starting execution 4237ae97-508f-4677-b0bb-188ecd4fb318 for language: javascript","timestamp":"2024-12-14T10:49:02.639Z"}
{"level":"info","message":"Starting execution 9ec63506-c662-49a2-a5e2-0bbec14d1c78 for language: javascript","timestamp":"2024-12-14T10:49:02.640Z"}
{"level":"info","message":"Starting execution 65795602-e7df-42bf-9748-6093a7372168 for language: javascript","timestamp":"2024-12-14T10:49:02.641Z"}
{"level":"info","message":"Starting execution 36062dbb-62ad-4d0e-bbd9-6d1b7dcdb01e for language: javascript","timestamp":"2024-12-14T10:49:02.643Z"}
{"level":"info","message":"Starting execution 542175e5-6159-4ecb-9da0-b6df669166ac for language: javascript","timestamp":"2024-12-14T10:49:02.644Z"}
{"level":"info","message":"Starting execution 3e57adae-fd39-4a80-83ea-55cd15efc952 for language: javascript","timestamp":"2024-12-14T10:49:02.645Z"}
{"level":"info","message":"Starting execution 3c18c4c6-c2c8-496a-8d57-d1c56041cd32 for language: javascript","timestamp":"2024-12-14T10:49:02.646Z"}
{"level":"info","message":"Starting execution 0084e2c2-137c-4a97-8fa3-b66e731670ad for language: javascript","timestamp":"2024-12-14T10:49:02.646Z"}
{"level":"info","message":"Starting execution ccd6f80a-dd88-412b-9287-bd1e432e9fc5 for language: javascript","timestamp":"2024-12-14T10:49:02.648Z"}
{"level":"info","message":"Starting execution 1d62211f-96bd-4efa-9030-4766e0f5fd1e for language: javascript","timestamp":"2024-12-14T10:49:02.648Z"}
{"level":"info","message":"Starting execution 0db88244-59e0-488c-9269-2869d46d1c71 for language: javascript","timestamp":"2024-12-14T10:49:02.650Z"}
{"level":"info","message":"Starting execution e13ac0c9-863f-4e4e-8cd3-dda28def226e for language: javascript","timestamp":"2024-12-14T10:49:02.651Z"}
{"level":"info","message":"Starting execution af59f51c-cb3b-4cf1-bfa1-9f40e92c0be2 for language: javascript","timestamp":"2024-12-14T10:49:02.651Z"}
{"level":"info","message":"Starting execution cee9eec3-9fd7-4a06-9cb9-5c29af97dfc7 for language: javascript","timestamp":"2024-12-14T10:49:02.652Z"}
{"level":"info","message":"Starting execution f39d4c15-5b1d-4fd7-b388-cf41bfe91f66 for language: javascript","timestamp":"2024-12-14T10:49:02.653Z"}
{"level":"info","message":"Starting execution b1648783-060e-42e5-a65b-2e6e1c09c291 for language: javascript","timestamp":"2024-12-14T10:49:02.654Z"}
{"level":"info","message":"Starting execution bfd922c0-9e5b-4340-bdc4-d4e7d8199b81 for language: javascript","timestamp":"2024-12-14T10:49:02.655Z"}
{"level":"info","message":"Starting execution 1d0f330e-acc9-46cd-b302-156bf677201b for language: javascript","timestamp":"2024-12-14T10:49:02.656Z"}
{"level":"info","message":"Starting execution 445314f7-4081-459b-871b-099a64eaca12 for language: javascript","timestamp":"2024-12-14T10:49:02.657Z"}
{"level":"info","message":"Starting execution 70e9c6d1-a5ba-493d-b047-2bf8c019511c for language: javascript","timestamp":"2024-12-14T10:49:02.658Z"}
{"level":"info","message":"Starting execution 0b64e934-92d1-470e-bd2e-71e91dcac849 for language: javascript","timestamp":"2024-12-14T10:49:02.658Z"}
{"level":"info","message":"Starting execution 48173692-e4e1-428a-ba99-a3b0010a2748 for language: javascript","timestamp":"2024-12-14T10:49:02.659Z"}
{"level":"info","message":"Starting execution 80c060ed-8c04-421b-b909-98c6afea0eac for language: javascript","timestamp":"2024-12-14T10:49:02.661Z"}
{"level":"info","message":"Starting execution 08be7130-f334-45e8-b2b7-e5a44c106eda for language: javascript","timestamp":"2024-12-14T10:49:02.662Z"}
{"level":"info","message":"Starting execution ea92e6f1-5b7a-4b06-b046-5b01bad5e75d for language: javascript","timestamp":"2024-12-14T10:49:02.663Z"}
{"level":"info","message":"Starting execution cccbbb5d-a714-4b64-814c-a95d57b48b99 for language: javascript","timestamp":"2024-12-14T10:49:02.664Z"}
{"level":"info","message":"Starting execution 2ad395aa-a66b-4d88-8496-15f8d889fa8b for language: javascript","timestamp":"2024-12-14T10:49:02.665Z"}
{"level":"info","message":"Starting execution 5bda507c-c2ed-49f4-bde4-9efe7f1c928d for language: javascript","timestamp":"2024-12-14T10:49:02.666Z"}
{"level":"info","message":"Starting execution b2b14132-cd56-49b2-981a-95dc22cd0a2a for language: javascript","timestamp":"2024-12-14T10:49:02.667Z"}
{"level":"info","message":"Starting execution bcb7ae23-de3d-4287-b63e-224bedda1045 for language: javascript","timestamp":"2024-12-14T10:49:02.668Z"}
{"level":"info","message":"Starting execution 59942b2b-c9e6-47cf-bb99-4ca41a5751c3 for language: javascript","timestamp":"2024-12-14T10:49:02.669Z"}
{"level":"info","message":"Starting execution bb7be8fe-5f69-41b7-b4cf-83df9cf8434e for language: javascript","timestamp":"2024-12-14T10:49:02.670Z"}
{"level":"info","message":"Server running on port 3000","timestamp":"2024-12-14T10:49:20.442Z"}
{"level":"info","message":"Server running on port 3000","timestamp":"2024-12-14T10:57:05.564Z"}
{"level":"info","message":"Starting execution bea2f01f-48ab-4bba-a951-d9ed1784e8e1 for language: javascript","timestamp":"2024-12-14T10:57:11.940Z"}
{"level":"info","message":"Starting execution fbb8713f-d11b-4549-97ac-5d6bff05c77d for language: javascript","timestamp":"2024-12-14T10:57:11.943Z"}
{"level":"info","message":"Starting execution e4ba73eb-1fae-4972-a4fc-cc2a3f0028b4 for language: javascript","timestamp":"2024-12-14T10:57:11.945Z"}
{"level":"info","message":"Starting execution 27dfc46c-cf56-4ca7-8b9f-710b85f4c266 for language: javascript","timestamp":"2024-12-14T10:57:11.946Z"}
{"level":"info","message":"Starting execution d758dbc7-a604-406c-b6cf-3c8c9ae6750f for language: javascript","timestamp":"2024-12-14T10:57:11.947Z"}
{"level":"info","message":"Starting execution 3524ca13-84ab-4a0a-816a-cb1f060737d7 for language: javascript","timestamp":"2024-12-14T10:57:11.949Z"}
{"level":"info","message":"Starting execution 12867a93-f7a8-460d-b52f-984b421f7c28 for language: javascript","timestamp":"2024-12-14T10:57:11.950Z"}
{"level":"info","message":"Starting execution 88ebcde1-7a7a-4ae2-a554-bde9a74017fc for language: javascript","timestamp":"2024-12-14T10:57:11.951Z"}
{"level":"info","message":"Starting execution a04e7489-1c17-4a02-831b-51ba7070cdb8 for language: javascript","timestamp":"2024-12-14T10:57:11.953Z"}
{"level":"info","message":"Starting execution b0646c02-de99-49ec-99db-1a080b0fa2ca for language: javascript","timestamp":"2024-12-14T10:57:11.955Z"}
{"level":"info","message":"Starting execution d5bf23b0-58e8-47b4-95f1-b8a7209b9803 for language: javascript","timestamp":"2024-12-14T10:57:11.956Z"}
{"level":"info","message":"Starting execution 5ff50c1a-2b42-491d-b849-4fac16a618ff for language: javascript","timestamp":"2024-12-14T10:57:11.958Z"}
{"level":"info","message":"Starting execution 49809a01-7ccd-47aa-ab01-94f294c9f99c for language: javascript","timestamp":"2024-12-14T10:57:11.960Z"}
{"level":"info","message":"Starting execution be551bf3-6ef9-499f-b326-bbe11bbb39a9 for language: javascript","timestamp":"2024-12-14T10:57:11.961Z"}
{"level":"info","message":"Starting execution 6bfa9fde-07bb-41bc-9ddf-2d1da89111d3 for language: javascript","timestamp":"2024-12-14T10:57:11.963Z"}
{"level":"info","message":"Starting execution be455630-560c-47b0-a5fa-d853f11cc17a for language: javascript","timestamp":"2024-12-14T10:57:11.964Z"}
{"level":"info","message":"Starting execution 577ec784-93c6-4e06-b2d1-99353cf460c7 for language: javascript","timestamp":"2024-12-14T10:57:11.965Z"}
{"level":"info","message":"Starting execution d5aa32b3-d8de-4479-b9af-6f5a338d5834 for language: javascript","timestamp":"2024-12-14T10:57:11.967Z"}
{"level":"info","message":"Starting execution 1dfa3c76-d5e7-4ecb-a47f-d27a23553123 for language: javascript","timestamp":"2024-12-14T10:57:11.968Z"}
{"level":"info","message":"Starting execution 6c1d3c31-7bd0-4782-8c65-a417815b08c2 for language: javascript","timestamp":"2024-12-14T10:57:11.969Z"}
{"level":"info","message":"Starting execution 6966a4eb-7010-4d86-9252-76368264f88f for language: javascript","timestamp":"2024-12-14T10:57:11.970Z"}
{"level":"info","message":"Starting execution 97ecfb7b-b6d4-4c80-b684-3535fe10ab86 for language: javascript","timestamp":"2024-12-14T10:57:11.971Z"}
{"level":"info","message":"Starting execution 81c6f48b-62c6-4be4-8834-d515db26f710 for language: javascript","timestamp":"2024-12-14T10:57:11.972Z"}
{"level":"info","message":"Starting execution 322ae8a4-085e-4eac-b0de-aa19e364aa92 for language: javascript","timestamp":"2024-12-14T10:57:11.973Z"}
{"level":"info","message":"Starting execution d9cb5639-f898-4977-a494-d231aa4295d8 for language: javascript","timestamp":"2024-12-14T10:57:11.974Z"}
{"level":"info","message":"Starting execution f4f3c19d-086d-41c2-b899-1b1b28d16a23 for language: javascript","timestamp":"2024-12-14T10:57:11.975Z"}
{"level":"info","message":"Starting execution 1a01125e-76be-4562-87e2-ff023c31f5c9 for language: javascript","timestamp":"2024-12-14T10:57:11.976Z"}
{"level":"info","message":"Starting execution dd9bc184-976e-4536-8a41-720e2f0854d9 for language: javascript","timestamp":"2024-12-14T10:57:11.977Z"}
{"level":"info","message":"Starting execution 0663be5b-f4a1-439c-b7e7-06a63270fd68 for language: javascript","timestamp":"2024-12-14T10:57:11.978Z"}
{"level":"info","message":"Starting execution 41dcb4ad-e328-486d-b144-762576e887e1 for language: javascript","timestamp":"2024-12-14T10:57:11.980Z"}
{"level":"info","message":"Starting execution 93d1bedf-deed-41e4-83fa-42cc3c8e81bb for language: javascript","timestamp":"2024-12-14T10:57:11.981Z"}
{"level":"info","message":"Starting execution 3df65fd6-0a8c-4d67-abbf-e31150b48a78 for language: javascript","timestamp":"2024-12-14T10:57:11.982Z"}
{"level":"info","message":"Starting execution 2334e233-0a32-48a3-a457-462a1bae27d2 for language: javascript","timestamp":"2024-12-14T10:57:11.983Z"}
{"level":"info","message":"Starting execution fc726df1-3cfb-4d33-8005-f201328de2e4 for language: javascript","timestamp":"2024-12-14T10:57:11.984Z"}
{"level":"info","message":"Starting execution 38265a23-9396-49dd-a7a0-69a7e9de70dd for language: javascript","timestamp":"2024-12-14T10:57:11.985Z"}
{"level":"info","message":"Starting execution 14b1965b-e9f6-400b-bdc3-44673dabbe7d for language: javascript","timestamp":"2024-12-14T10:57:11.986Z"}
{"level":"info","message":"Starting execution f5a674f2-5f4f-403a-a9da-839d8b9378bb for language: javascript","timestamp":"2024-12-14T10:57:11.987Z"}
{"level":"info","message":"Starting execution 91ced3de-e8a2-4efc-b7ca-5d89669a08d9 for language: javascript","timestamp":"2024-12-14T10:57:11.988Z"}
{"level":"info","message":"Starting execution 8b512b86-3c9f-4073-8157-c4809f4d8a30 for language: javascript","timestamp":"2024-12-14T10:57:11.989Z"}
{"level":"info","message":"Starting execution 9e302804-2b90-44ae-a270-50db3c3ca58d for language: javascript","timestamp":"2024-12-14T10:57:11.990Z"}
{"level":"info","message":"Starting execution 0a842e0b-b11b-4cb2-ae73-3438d4155c00 for language: javascript","timestamp":"2024-12-14T10:57:11.991Z"}
{"level":"info","message":"Starting execution f53e7562-0428-4013-9849-0e9195308601 for language: javascript","timestamp":"2024-12-14T10:57:11.993Z"}
{"level":"info","message":"Starting execution 162e7f66-242a-4550-a492-68edbec87006 for language: javascript","timestamp":"2024-12-14T10:57:11.994Z"}
{"level":"info","message":"Starting execution 9c706eb3-e799-48a2-8430-ee3ed0145e30 for language: javascript","timestamp":"2024-12-14T10:57:11.995Z"}
{"level":"info","message":"Starting execution b22241c3-ed41-443b-8ec8-86636328f7db for language: javascript","timestamp":"2024-12-14T10:57:11.996Z"}
{"level":"info","message":"Starting execution d548f341-45bf-475f-9314-1e52a9dfe24f for language: javascript","timestamp":"2024-12-14T10:57:11.997Z"}
{"level":"info","message":"Starting execution 9ca04cf7-08f0-4d50-b4f3-2eca7a76f8b5 for language: javascript","timestamp":"2024-12-14T10:57:11.998Z"}
{"level":"info","message":"Starting execution 7259bea7-00c7-4f0f-a3f3-dc2b1aaa8504 for language: javascript","timestamp":"2024-12-14T10:57:11.998Z"}
{"level":"info","message":"Starting execution cb6cf71e-4558-425b-b5e0-a2043315fe69 for language: javascript","timestamp":"2024-12-14T10:57:12.000Z"}
{"level":"info","message":"Starting execution 76724395-2d0e-48e9-a27e-a5a85fcd7c28 for language: javascript","timestamp":"2024-12-14T10:57:12.001Z"}
{"level":"info","message":"Starting execution 15ff46bf-8d1e-4386-ace9-cc53b119d46d for language: javascript","timestamp":"2024-12-14T10:57:12.002Z"}
{"level":"info","message":"Starting execution 321c843b-9976-487b-b1ed-452f8e16a891 for language: javascript","timestamp":"2024-12-14T10:57:12.003Z"}
{"level":"info","message":"Starting execution db9df11f-a611-439e-a4a0-ef60a74cfd33 for language: javascript","timestamp":"2024-12-14T10:57:12.004Z"}
{"level":"info","message":"Starting execution 9c680799-a0f7-4e5f-80f3-c164a6d618c1 for language: javascript","timestamp":"2024-12-14T10:57:12.005Z"}
{"level":"info","message":"Starting execution d68056b3-d88e-423b-ba7a-c4cf28dae50e for language: javascript","timestamp":"2024-12-14T10:57:12.006Z"}
{"level":"info","message":"Starting execution 0a7a8885-95ff-45b4-9eac-44b37ff6a0ef for language: javascript","timestamp":"2024-12-14T10:57:12.006Z"}
{"level":"info","message":"Starting execution be5bdb6d-a109-4483-b925-ca81b4cb714f for language: javascript","timestamp":"2024-12-14T10:57:12.007Z"}
{"level":"info","message":"Starting execution fd50de53-464b-489e-96c8-fa09f1aa6777 for language: javascript","timestamp":"2024-12-14T10:57:12.008Z"}
{"level":"info","message":"Starting execution 25f7ac8a-1f73-46fb-888d-4d589413c91a for language: javascript","timestamp":"2024-12-14T10:57:12.009Z"}
{"level":"info","message":"Starting execution 40fcba9f-f846-4eb1-bba4-ec030f105810 for language: javascript","timestamp":"2024-12-14T10:57:12.010Z"}
{"level":"info","message":"Starting execution 7e756dd0-5511-4387-abfc-6596bf0fe713 for language: javascript","timestamp":"2024-12-14T10:57:12.011Z"}
{"level":"info","message":"Starting execution 9d48f1ed-b391-446b-baa4-9e6feb79e733 for language: javascript","timestamp":"2024-12-14T10:57:12.012Z"}
{"level":"info","message":"Starting execution 8d6a35e7-413b-4cee-a39c-f56b1b61c413 for language: javascript","timestamp":"2024-12-14T10:57:12.013Z"}
{"level":"info","message":"Starting execution 38b1149d-136a-4605-b775-8ae1a859961d for language: javascript","timestamp":"2024-12-14T10:57:12.014Z"}
{"level":"info","message":"Starting execution 5db20424-dd6a-4689-bdc0-7eeb36f583ae for language: javascript","timestamp":"2024-12-14T10:57:12.015Z"}
{"level":"info","message":"Starting execution 6b5e5b07-ce4f-4603-850f-66b98af50ffc for language: javascript","timestamp":"2024-12-14T10:57:12.016Z"}
{"level":"info","message":"Starting execution 8a6eed35-aa45-4d1b-9f81-b281643820ef for language: javascript","timestamp":"2024-12-14T10:57:12.017Z"}
{"level":"info","message":"Starting execution 2e431f08-8571-449d-9f80-84e21338e099 for language: javascript","timestamp":"2024-12-14T10:57:12.018Z"}
{"level":"info","message":"Starting execution 98cbf542-f918-4726-b3dc-cf28c105b75a for language: javascript","timestamp":"2024-12-14T10:57:12.019Z"}
{"level":"info","message":"Starting execution b16634a7-7461-4c4c-830d-6db7b71eaa8f for language: javascript","timestamp":"2024-12-14T10:57:12.021Z"}
{"level":"info","message":"Starting execution 934710bb-25a7-48e1-b112-2657e477d20a for language: javascript","timestamp":"2024-12-14T10:57:12.022Z"}
{"level":"info","message":"Starting execution fd40e63f-230c-4ac6-8191-2f8e591f4b25 for language: javascript","timestamp":"2024-12-14T10:57:12.023Z"}
{"level":"info","message":"Starting execution 225e6f22-e048-43b1-8c8d-c342e9446ae5 for language: javascript","timestamp":"2024-12-14T10:57:12.024Z"}
{"level":"info","message":"Starting execution de69b7db-23f2-4bf6-8488-0b311f4b9415 for language: javascript","timestamp":"2024-12-14T10:57:12.025Z"}
{"level":"info","message":"Starting execution 0773baf1-02ab-493c-9fb3-c0d8ea65e841 for language: javascript","timestamp":"2024-12-14T10:57:12.026Z"}
{"level":"info","message":"Starting execution ccaa5489-541f-4eb6-bc9a-5da1df2dba03 for language: javascript","timestamp":"2024-12-14T10:57:12.027Z"}
{"level":"info","message":"Starting execution 55aa42a2-8675-4a82-8dc5-852c12644b82 for language: javascript","timestamp":"2024-12-14T10:57:12.028Z"}
{"level":"info","message":"Starting execution bc8cbfc5-3f80-4ea7-bfd7-a83e62d3839c for language: javascript","timestamp":"2024-12-14T10:57:12.029Z"}
{"level":"info","message":"Starting execution 51eafbfa-3f55-4e64-a1b1-1d6e6b33fdba for language: javascript","timestamp":"2024-12-14T10:57:12.030Z"}
{"level":"info","message":"Starting execution 94c80d32-97ae-47d7-a356-55266ecd6813 for language: javascript","timestamp":"2024-12-14T10:57:12.031Z"}
{"level":"info","message":"Starting execution ef6c7e9d-416e-46b4-9b09-b2d191a5ecb1 for language: javascript","timestamp":"2024-12-14T10:57:12.032Z"}
{"level":"info","message":"Starting execution 8f3d8c22-268b-44af-a503-d6cece2f6615 for language: javascript","timestamp":"2024-12-14T10:57:12.033Z"}
{"level":"info","message":"Starting execution 17874448-e14d-4cf8-aa3a-62d10f6ddea7 for language: javascript","timestamp":"2024-12-14T10:57:12.034Z"}
{"level":"info","message":"Starting execution efa4a956-91cd-45f3-8c75-fb1db3f07588 for language: javascript","timestamp":"2024-12-14T10:57:12.036Z"}
{"level":"info","message":"Starting execution 46b0613c-dbe2-45c2-a694-8cbab57a84b8 for language: javascript","timestamp":"2024-12-14T10:57:12.037Z"}
{"level":"info","message":"Starting execution 355a2916-41df-48dd-8620-806ce0f6bc3c for language: javascript","timestamp":"2024-12-14T10:57:12.038Z"}
{"level":"info","message":"Starting execution de75eb94-50f7-465f-9dcf-9ff157fca188 for language: javascript","timestamp":"2024-12-14T10:57:12.039Z"}
{"level":"info","message":"Starting execution 4a70362e-746f-44bd-8faa-72d39b7218aa for language: javascript","timestamp":"2024-12-14T10:57:12.040Z"}
{"level":"info","message":"Starting execution f384bb84-a6c0-426a-a482-5414cc5e797f for language: javascript","timestamp":"2024-12-14T10:57:12.041Z"}
{"level":"info","message":"Starting execution 4e2e5fa9-33f2-4e58-822d-7f413192d30e for language: javascript","timestamp":"2024-12-14T10:57:12.042Z"}
{"level":"info","message":"Starting execution e5f83aed-da72-4232-971e-b18adf41d11b for language: javascript","timestamp":"2024-12-14T10:57:12.043Z"}
{"level":"info","message":"Starting execution 94f1382b-7688-4bc8-ab79-e1581d7855a6 for language: javascript","timestamp":"2024-12-14T10:57:12.044Z"}
{"level":"info","message":"Starting execution da11852b-9148-4350-b0e2-6bcccb737734 for language: javascript","timestamp":"2024-12-14T10:57:12.045Z"}
{"level":"info","message":"Starting execution 28b52485-5228-47c9-8821-1c447ac9072e for language: javascript","timestamp":"2024-12-14T10:57:12.046Z"}
{"level":"info","message":"Starting execution f57ab4bf-0592-454d-b9b9-50e8dbaa22b5 for language: javascript","timestamp":"2024-12-14T10:57:12.047Z"}
{"level":"info","message":"Starting execution 39b68bfe-090f-41fc-b393-c0360a489f55 for language: javascript","timestamp":"2024-12-14T10:57:12.048Z"}
{"level":"info","message":"Starting execution 9bfab37c-3aee-40f1-8c80-6c1602f78246 for language: javascript","timestamp":"2024-12-14T10:57:12.050Z"}
{"level":"info","message":"Starting execution c7f2281a-546b-42d7-b2bc-5a71744196e8 for language: javascript","timestamp":"2024-12-14T10:57:12.051Z"}
{"level":"info","message":"Starting execution 11e1c860-ecab-409d-bffb-47d8337d12e5 for language: javascript","timestamp":"2024-12-14T10:57:12.052Z"}
{"level":"info","message":"Starting execution 1ff90a86-d5a1-4375-a800-5b25b7a3784c for language: javascript","timestamp":"2024-12-14T10:57:12.053Z"}
{"level":"info","message":"Cache hit for execution 8a6eed35-aa45-4d1b-9f81-b281643820ef","timestamp":"2024-12-14T10:57:22.890Z"}
{"level":"info","message":"Starting execution fb673065-6e90-4d5d-a695-f7cf2d43b763 for language: java","timestamp":"2024-12-14T10:57:29.638Z"}
{"level":"info","message":"Starting execution 283b9e3e-5cb0-421f-bb38-c44d8a5f5ce1 for language: java","timestamp":"2024-12-14T10:57:44.778Z"}
{"level":"info","message":"Starting execution 7191c212-5dc7-4152-97ec-5880fee285aa for language: java","timestamp":"2024-12-14T10:58:09.904Z"}
{"level":"info","message":"Starting execution a9f93e24-e6bf-4510-b534-697fa90a67d2 for language: java","timestamp":"2024-12-14T10:58:09.906Z"}
{"level":"info","message":"Starting execution a8dd2fa3-aaca-44f6-9032-654fcaafee17 for language: java","timestamp":"2024-12-14T10:58:09.907Z"}
{"level":"info","message":"Starting execution 68baa89d-1e77-4231-a8b4-73e29341893a for language: java","timestamp":"2024-12-14T10:58:09.908Z"}
{"level":"info","message":"Starting execution a47851f4-3e36-436c-827d-f1ab4bfe6576 for language: java","timestamp":"2024-12-14T10:58:09.909Z"}
{"level":"info","message":"Starting execution 591364c8-8356-4029-8567-fb600e7aeef0 for language: java","timestamp":"2024-12-14T10:58:09.910Z"}
{"level":"info","message":"Starting execution 8770c3b6-7e42-4d07-96f8-cad9f397c6fd for language: java","timestamp":"2024-12-14T10:58:09.910Z"}
{"level":"info","message":"Starting execution aeae506f-f9ea-425e-9a8a-3f862de761af for language: java","timestamp":"2024-12-14T10:58:09.913Z"}
{"level":"info","message":"Starting execution 8518327f-6715-454e-99eb-a15a87f71fca for language: java","timestamp":"2024-12-14T10:58:09.915Z"}
{"level":"info","message":"Starting execution 685458d4-39d0-408e-a46a-ba238495afd7 for language: java","timestamp":"2024-12-14T10:58:09.915Z"}
{"level":"info","message":"Starting execution 92a7546e-1c87-43f0-aa92-2e0013fe83d1 for language: java","timestamp":"2024-12-14T10:58:09.916Z"}
{"level":"info","message":"Starting execution a10b6e9a-3de8-4903-93eb-4ee6ad152eed for language: java","timestamp":"2024-12-14T10:58:09.918Z"}
{"level":"info","message":"Starting execution e7abbb26-6bb3-402a-a3f8-4ac2f81229d2 for language: java","timestamp":"2024-12-14T10:58:09.922Z"}
{"level":"info","message":"Starting execution 1654628f-b8a5-4ef0-b79c-0e69881ca6d2 for language: java","timestamp":"2024-12-14T10:58:09.927Z"}
{"level":"info","message":"Starting execution f2f0eb8f-3d74-4702-baa3-01897e26009b for language: java","timestamp":"2024-12-14T10:58:09.928Z"}
{"level":"info","message":"Starting execution cccfe8c4-542a-44e8-a9db-d01c2fd72e2e for language: java","timestamp":"2024-12-14T10:58:09.930Z"}
{"level":"info","message":"Starting execution c4802deb-fcf9-4a50-84ae-b5ff5acdd4c3 for language: java","timestamp":"2024-12-14T10:58:09.931Z"}
{"level":"info","message":"Starting execution 0aa44f39-17d5-4fe1-9f21-d9f91bd34050 for language: java","timestamp":"2024-12-14T10:58:09.933Z"}
{"level":"info","message":"Starting execution a4b4319d-d075-4b7a-a266-7f94eb9e9ecb for language: java","timestamp":"2024-12-14T10:58:09.935Z"}
{"level":"info","message":"Starting execution 7cd2f9df-bb23-4715-b2ec-c0ad73f85740 for language: java","timestamp":"2024-12-14T10:58:09.938Z"}
{"level":"info","message":"Starting execution 0f858380-3b74-4607-aeb8-0a32986cf999 for language: java","timestamp":"2024-12-14T10:58:09.939Z"}
{"level":"info","message":"Starting execution 6ab60db2-4082-4a9f-93fa-b4271eac7f82 for language: java","timestamp":"2024-12-14T10:58:09.942Z"}
{"level":"info","message":"Starting execution 4a41f844-acc2-4a66-a273-ea472d28837c for language: java","timestamp":"2024-12-14T10:58:09.945Z"}
{"level":"info","message":"Starting execution f52b94ce-ce59-4c37-9bfb-c4d20862d959 for language: java","timestamp":"2024-12-14T10:58:09.946Z"}
{"level":"info","message":"Starting execution 57284746-e67f-4f95-8a6f-3a4d849244ec for language: java","timestamp":"2024-12-14T10:58:09.948Z"}
{"level":"info","message":"Starting execution a6dd9ea2-1c74-4f71-a5f9-f201b0e0b9ec for language: java","timestamp":"2024-12-14T10:58:09.949Z"}
{"level":"info","message":"Starting execution fdc1021e-e3cf-49f5-a92a-065b306335f7 for language: java","timestamp":"2024-12-14T10:58:09.951Z"}
{"level":"info","message":"Starting execution 114df421-c151-4821-a41e-3ee212728f3a for language: java","timestamp":"2024-12-14T10:58:09.953Z"}
{"level":"info","message":"Starting execution d45e635b-5792-4e9e-97ee-bf7705e073c6 for language: java","timestamp":"2024-12-14T10:58:09.955Z"}
{"level":"info","message":"Starting execution f32589d6-2419-4379-83ce-06d99050ccc6 for language: java","timestamp":"2024-12-14T10:58:09.957Z"}
{"level":"info","message":"Starting execution 01f689c7-4896-4582-8a05-3cb5e7808e65 for language: java","timestamp":"2024-12-14T10:58:09.958Z"}
{"level":"info","message":"Starting execution c429c8e8-beff-4b03-ba56-75af071cb661 for language: java","timestamp":"2024-12-14T10:58:09.959Z"}
{"level":"info","message":"Starting execution 08c8ce43-caac-4229-a238-0e721381b904 for language: java","timestamp":"2024-12-14T10:58:09.960Z"}
{"level":"info","message":"Starting execution 744dbf9f-f343-4e38-85d9-463322d7b838 for language: java","timestamp":"2024-12-14T10:58:09.965Z"}
{"level":"info","message":"Starting execution faa18936-393d-4fdd-80de-13d051010e92 for language: java","timestamp":"2024-12-14T10:58:09.966Z"}
{"level":"info","message":"Starting execution df5e8537-c9e9-4c6f-882d-b995f1763cf7 for language: java","timestamp":"2024-12-14T10:58:09.967Z"}
{"level":"info","message":"Starting execution 0394f006-9f10-426c-8838-78996686879a for language: java","timestamp":"2024-12-14T10:58:09.968Z"}
{"level":"info","message":"Starting execution aec728b5-b40f-47bf-bb7b-e12a56dbce57 for language: java","timestamp":"2024-12-14T10:58:09.969Z"}
{"level":"info","message":"Starting execution f9d54de8-54ec-48de-9cd7-fb16115d94ec for language: java","timestamp":"2024-12-14T10:58:09.971Z"}
{"level":"info","message":"Starting execution 14332716-2d85-403d-a817-aa29e855c55e for language: java","timestamp":"2024-12-14T10:58:09.973Z"}
{"level":"info","message":"Starting execution 3716ffbf-4a25-4bfa-b2c8-1ba4ae777eb9 for language: java","timestamp":"2024-12-14T10:58:09.977Z"}
{"level":"info","message":"Starting execution f3a3f55c-ff91-4748-8448-e03e736138ee for language: java","timestamp":"2024-12-14T10:58:09.980Z"}
{"level":"info","message":"Starting execution afe8c48f-7542-4bad-b420-6a41f874ae7f for language: java","timestamp":"2024-12-14T10:58:09.982Z"}
{"level":"info","message":"Starting execution c73a86d5-59ee-4c71-b3b2-dca47fbdd4de for language: java","timestamp":"2024-12-14T10:58:09.983Z"}
{"level":"info","message":"Starting execution 3cc46849-f1db-45ab-84ef-076d0a1847f2 for language: java","timestamp":"2024-12-14T10:58:09.985Z"}
{"level":"info","message":"Starting execution 32d47efb-38bc-4523-8296-00db629e46f8 for language: java","timestamp":"2024-12-14T10:58:09.986Z"}
{"level":"info","message":"Starting execution 0d55aa51-b26f-4793-ac90-b655ba66ffb6 for language: java","timestamp":"2024-12-14T10:58:09.988Z"}
{"level":"info","message":"Starting execution 82be8c79-3971-4e4d-84bd-5c90a8cfd338 for language: java","timestamp":"2024-12-14T10:58:09.990Z"}
{"level":"info","message":"Starting execution 9949a623-a225-40b0-aaa9-5443c16cdafc for language: java","timestamp":"2024-12-14T10:58:09.993Z"}
{"level":"info","message":"Starting execution 0fedb435-245b-4950-88f7-5363474b5559 for language: java","timestamp":"2024-12-14T10:58:09.995Z"}
{"level":"info","message":"Starting execution 8c384c86-a88d-4a6a-b1c1-bf2814295cad for language: java","timestamp":"2024-12-14T10:58:09.996Z"}
{"level":"info","message":"Starting execution 23d7867d-b3e7-4426-8c38-35c4c0dd98f4 for language: java","timestamp":"2024-12-14T10:58:09.998Z"}
{"level":"info","message":"Starting execution 1c4f5f9c-a5ba-4137-9162-9ccf059d47f7 for language: java","timestamp":"2024-12-14T10:58:10.000Z"}
{"level":"info","message":"Starting execution af967d9d-9b73-4ab7-bdee-cb10c1d15b7d for language: java","timestamp":"2024-12-14T10:58:10.002Z"}
{"level":"info","message":"Starting execution d37f2232-962c-47a7-b01f-1822762a723d for language: java","timestamp":"2024-12-14T10:58:10.005Z"}
{"level":"info","message":"Starting execution badaedc2-77a8-46e9-9b3a-eeaeb91645c6 for language: java","timestamp":"2024-12-14T10:58:10.007Z"}
{"level":"info","message":"Starting execution c419286d-821f-4f37-afc1-a80c557d7d96 for language: java","timestamp":"2024-12-14T10:58:10.008Z"}
{"level":"info","message":"Starting execution e1fbbcee-e6f8-4825-9faa-62c0fcd85311 for language: java","timestamp":"2024-12-14T10:58:10.009Z"}
{"level":"info","message":"Starting execution 026537e0-9ad5-4fb3-9a53-e18c982edf21 for language: java","timestamp":"2024-12-14T10:58:10.011Z"}
{"level":"info","message":"Starting execution 3e2e39fb-c730-4232-b154-5c5ae800378b for language: java","timestamp":"2024-12-14T10:58:10.012Z"}
{"level":"info","message":"Starting execution e8e3ba80-32b4-452c-9a54-c6922647ed0f for language: java","timestamp":"2024-12-14T10:58:10.014Z"}
{"level":"info","message":"Starting execution b471c548-5b9a-4587-a7fc-0b77703b7c01 for language: java","timestamp":"2024-12-14T10:58:10.015Z"}
{"level":"info","message":"Starting execution ec91596f-2fb7-4393-8050-e24183f6faba for language: java","timestamp":"2024-12-14T10:58:10.016Z"}
{"level":"info","message":"Starting execution c743d1b1-3ed1-4951-aa38-417d3a6a5dad for language: java","timestamp":"2024-12-14T10:58:10.017Z"}
{"level":"info","message":"Starting execution eb54a023-7fb8-4cc7-8855-e4add91fc699 for language: java","timestamp":"2024-12-14T10:58:10.017Z"}
{"level":"info","message":"Starting execution 2207a23b-2f38-4f34-816d-25a1881a0b7a for language: java","timestamp":"2024-12-14T10:58:10.018Z"}
{"level":"info","message":"Starting execution a8c40257-6e96-4fcc-965c-da56cce93c85 for language: java","timestamp":"2024-12-14T10:58:10.019Z"}
{"level":"info","message":"Starting execution 01b7e835-f1b8-4531-9d8a-f4733b3d6898 for language: java","timestamp":"2024-12-14T10:58:10.020Z"}
{"level":"info","message":"Starting execution e8c37d02-10a4-4c8a-8563-9ef556568245 for language: java","timestamp":"2024-12-14T10:58:10.021Z"}
{"level":"info","message":"Starting execution 954790c7-6149-46ec-ae1f-0baf64f192ff for language: java","timestamp":"2024-12-14T10:58:10.022Z"}
{"level":"info","message":"Starting execution bf7e7ee6-5fec-4d48-bfff-d32d1748af42 for language: java","timestamp":"2024-12-14T10:58:10.023Z"}
{"level":"info","message":"Starting execution fae42f09-e714-47d2-8708-53e00c4797ad for language: java","timestamp":"2024-12-14T10:58:10.023Z"}
{"level":"info","message":"Starting execution 59d5e416-73bd-4f3e-9799-21408ef664e9 for language: java","timestamp":"2024-12-14T10:58:10.024Z"}
{"level":"info","message":"Starting execution 595181f5-6cf1-48a6-accd-601aa281d49a for language: java","timestamp":"2024-12-14T10:58:10.025Z"}
{"level":"info","message":"Starting execution fcbbd24d-43b0-457b-9ea0-987879aef3c9 for language: java","timestamp":"2024-12-14T10:58:10.026Z"}
{"level":"info","message":"Starting execution aa871553-961a-4ea7-97f1-0c3487cac163 for language: java","timestamp":"2024-12-14T10:58:10.027Z"}
{"level":"info","message":"Starting execution ab0304f8-ff81-4d64-b63b-614097fd4588 for language: java","timestamp":"2024-12-14T10:58:10.028Z"}
{"level":"info","message":"Starting execution 8c474a9f-4f59-42cf-912b-6d0a9194a80b for language: java","timestamp":"2024-12-14T10:58:10.028Z"}
{"level":"info","message":"Starting execution cc056d6e-172e-4a09-b9db-9e5c6dc3a025 for language: java","timestamp":"2024-12-14T10:58:10.029Z"}
{"level":"info","message":"Starting execution c841c09c-d8f6-43ca-99bc-2335360ed85a for language: java","timestamp":"2024-12-14T10:58:10.030Z"}
{"level":"info","message":"Starting execution b38d8f88-9f8f-4ee2-809a-6e3e9fce4ac3 for language: java","timestamp":"2024-12-14T10:58:10.031Z"}
{"level":"info","message":"Starting execution cd98ada1-803d-445b-ab41-0bed774e5eb0 for language: java","timestamp":"2024-12-14T10:58:10.032Z"}
{"level":"info","message":"Starting execution 5ad88fa8-468b-491a-a0ab-4f203ccbc121 for language: java","timestamp":"2024-12-14T10:58:10.034Z"}
{"level":"info","message":"Starting execution 43e2201e-f465-4ffe-89ec-6490872f9b16 for language: java","timestamp":"2024-12-14T10:58:10.035Z"}
{"level":"info","message":"Starting execution a305274f-707f-4903-8f5a-5d610fe404ea for language: java","timestamp":"2024-12-14T10:58:10.036Z"}
{"level":"info","message":"Starting execution 69cbaf84-0315-4e6d-8791-61ddfb856a02 for language: java","timestamp":"2024-12-14T10:58:10.037Z"}
{"level":"info","message":"Starting execution b138a6bf-3213-43cc-acbe-d6a29274758b for language: java","timestamp":"2024-12-14T10:58:10.038Z"}
{"level":"info","message":"Starting execution 2b8c6afe-f119-4f83-9db4-ff8bcbd08533 for language: java","timestamp":"2024-12-14T10:58:10.039Z"}
{"level":"info","message":"Starting execution f9b95a51-2702-47dd-af7d-27c3bd6b46c2 for language: java","timestamp":"2024-12-14T10:58:10.040Z"}
{"level":"info","message":"Starting execution 3b0eec60-0142-4e4a-b721-130f1c09bfc0 for language: java","timestamp":"2024-12-14T10:58:10.040Z"}
{"level":"info","message":"Starting execution 6f518039-705d-4402-a853-5b5b968a4944 for language: java","timestamp":"2024-12-14T10:58:10.041Z"}
{"level":"info","message":"Starting execution 4055e6c0-d891-4b90-b172-d922e20b5760 for language: java","timestamp":"2024-12-14T10:58:10.042Z"}
{"level":"info","message":"Starting execution 43f5ded5-a7a3-4c25-8e5b-d3650a78df3a for language: java","timestamp":"2024-12-14T10:58:10.043Z"}
{"level":"info","message":"Starting execution 758ccb90-f868-47d8-80dd-355e81140913 for language: java","timestamp":"2024-12-14T10:58:10.044Z"}
{"level":"info","message":"Starting execution df6d04f3-8846-4050-952c-02388eea5dd0 for language: java","timestamp":"2024-12-14T10:58:10.045Z"}
{"level":"info","message":"Starting execution c6b5a08f-9cf9-4a9d-841b-91c851fc2b60 for language: java","timestamp":"2024-12-14T10:58:10.046Z"}
{"level":"info","message":"Starting execution 554b03b8-6fcd-4f01-8f18-2b70b0b3d771 for language: java","timestamp":"2024-12-14T10:58:10.047Z"}
{"level":"info","message":"Starting execution 29978648-86a9-4a5c-b796-16623a9a1444 for language: java","timestamp":"2024-12-14T10:58:10.047Z"}
{"level":"info","message":"Starting execution 4f41eb77-cbb0-447f-881d-af90eebb00d1 for language: java","timestamp":"2024-12-14T10:58:10.048Z"}
{"level":"info","message":"Starting execution b55161b9-ed29-4de3-b111-3be04f376f2d for language: java","timestamp":"2024-12-14T10:58:10.049Z"}
{"level":"info","message":"Server running on port 3000","timestamp":"2024-12-14T10:59:28.058Z"}
{"level":"info","message":"Starting execution b39a4b71-c28a-40a7-9fbc-f5603cd41f99 for language: cpp","timestamp":"2024-12-14T10:59:32.702Z"}
{"level":"info","message":"Starting execution de09653c-a31f-4f8c-9cba-5e9e41484804 for language: cpp","timestamp":"2024-12-14T10:59:32.705Z"}
{"level":"info","message":"Starting execution 0996e7cb-2a81-4016-a36e-d9d11af8de8f for language: cpp","timestamp":"2024-12-14T10:59:32.706Z"}
{"level":"info","message":"Starting execution 58431962-417c-4271-83ee-d990454885d0 for language: cpp","timestamp":"2024-12-14T10:59:32.708Z"}
{"level":"info","message":"Starting execution aab5e2b2-0991-45f3-aaab-005d1c6342d4 for language: cpp","timestamp":"2024-12-14T10:59:32.710Z"}
{"level":"info","message":"Starting execution 395af813-ae45-4532-9bde-f94e356fdbf2 for language: cpp","timestamp":"2024-12-14T10:59:32.712Z"}
{"level":"info","message":"Starting execution 0fa9eda3-56da-4acb-81bb-e3593f47e2a0 for language: cpp","timestamp":"2024-12-14T10:59:32.713Z"}
{"level":"info","message":"Starting execution 32e1836b-eed9-4ac8-b665-fa4acae65a0d for language: cpp","timestamp":"2024-12-14T10:59:32.714Z"}
{"level":"info","message":"Starting execution 49afebfc-7b77-4597-a4f3-1c1224df4a62 for language: cpp","timestamp":"2024-12-14T10:59:32.716Z"}
{"level":"info","message":"Starting execution b742e536-3b5c-4c27-8d98-ff2edd07d703 for language: cpp","timestamp":"2024-12-14T10:59:32.718Z"}
{"level":"info","message":"Starting execution 2466bc22-db07-456d-adbc-bdab87deea9e for language: cpp","timestamp":"2024-12-14T10:59:32.719Z"}
{"level":"info","message":"Starting execution 13e00c77-3689-483a-8955-0459eef49219 for language: cpp","timestamp":"2024-12-14T10:59:32.721Z"}
{"level":"info","message":"Starting execution e4110bd4-6c1e-4f29-a807-fbe451fc93d8 for language: cpp","timestamp":"2024-12-14T10:59:32.723Z"}
{"level":"info","message":"Starting execution 2435be0a-8256-43dc-a237-cffe9dd5caca for language: cpp","timestamp":"2024-12-14T10:59:32.725Z"}
{"level":"info","message":"Starting execution d5760c40-082d-4faa-b78a-35f3871f972b for language: cpp","timestamp":"2024-12-14T10:59:32.727Z"}
{"level":"info","message":"Starting execution 12f3544f-3667-444a-89c0-70e9baff41d6 for language: cpp","timestamp":"2024-12-14T10:59:32.728Z"}
{"level":"info","message":"Starting execution bc2a86d3-bba3-4976-b6e4-a8189dcc3b6b for language: cpp","timestamp":"2024-12-14T10:59:32.730Z"}
{"level":"info","message":"Starting execution 46dd7d07-81a8-42d0-8ad7-2a36b2e5f863 for language: cpp","timestamp":"2024-12-14T10:59:32.732Z"}
{"level":"info","message":"Starting execution 259645a9-f6d1-4ebc-8ccd-33c9f0404062 for language: cpp","timestamp":"2024-12-14T10:59:32.733Z"}
{"level":"info","message":"Starting execution 758cb911-2f2c-43b7-8e3d-c1b2f2a1f22f for language: cpp","timestamp":"2024-12-14T10:59:32.734Z"}
{"level":"info","message":"Starting execution 4697d483-750a-4d73-8041-56b174fa76a8 for language: cpp","timestamp":"2024-12-14T10:59:32.735Z"}
{"level":"info","message":"Starting execution 6bf58232-cfb4-44d6-ab23-936d76fe5e8a for language: cpp","timestamp":"2024-12-14T10:59:32.736Z"}
{"level":"info","message":"Starting execution 350dd105-3a1c-494e-a263-c404cf742ea0 for language: cpp","timestamp":"2024-12-14T10:59:32.737Z"}
{"level":"info","message":"Starting execution 53a31f9e-bb81-41eb-9696-2d152b41ea59 for language: cpp","timestamp":"2024-12-14T10:59:32.738Z"}
{"level":"info","message":"Starting execution a02ca691-2c7b-4369-8991-21fa4e991c18 for language: cpp","timestamp":"2024-12-14T10:59:32.739Z"}
{"level":"info","message":"Starting execution 8f894417-d25d-45ed-b075-6a47f9c90418 for language: cpp","timestamp":"2024-12-14T10:59:32.740Z"}
{"level":"info","message":"Starting execution 923f8b50-da00-4926-adbd-5b2ffb881963 for language: cpp","timestamp":"2024-12-14T10:59:32.742Z"}
{"level":"info","message":"Starting execution 9653c5a3-1649-48e1-ab49-9761a92dc07f for language: cpp","timestamp":"2024-12-14T10:59:32.743Z"}
{"level":"info","message":"Starting execution 0634c830-cbe9-416f-9694-6d8200044fd3 for language: cpp","timestamp":"2024-12-14T10:59:32.744Z"}
{"level":"info","message":"Starting execution 1bb6f619-b283-4380-adf0-e7ccbc68f42f for language: cpp","timestamp":"2024-12-14T10:59:32.745Z"}
{"level":"info","message":"Starting execution 38f2dcc7-d6b9-4878-ae96-23e5579e6e38 for language: cpp","timestamp":"2024-12-14T10:59:32.746Z"}
{"level":"info","message":"Starting execution b0680612-b79d-4aef-ad09-e13afde973ef for language: cpp","timestamp":"2024-12-14T10:59:32.747Z"}
{"level":"info","message":"Starting execution a2238603-cc9c-4e5a-bf91-5681a7983e32 for language: cpp","timestamp":"2024-12-14T10:59:32.748Z"}
{"level":"info","message":"Starting execution 3d7c588a-622b-4314-bb85-c35590bee5e0 for language: cpp","timestamp":"2024-12-14T10:59:32.750Z"}
{"level":"info","message":"Starting execution 9548614e-abe9-45c6-834c-fc7d76dc01b6 for language: cpp","timestamp":"2024-12-14T10:59:32.751Z"}
{"level":"info","message":"Starting execution 76ff7b11-e5e5-4a9b-8b75-8b923f90273f for language: cpp","timestamp":"2024-12-14T10:59:32.752Z"}
{"level":"info","message":"Starting execution 681b13c5-3d91-47fc-a666-88a560312855 for language: cpp","timestamp":"2024-12-14T10:59:32.753Z"}
{"level":"info","message":"Starting execution cf85ab72-d320-4419-8c32-85eb66c66f61 for language: cpp","timestamp":"2024-12-14T10:59:32.753Z"}
{"level":"info","message":"Starting execution aaadc3b4-e385-483f-99d0-61147de3b93e for language: cpp","timestamp":"2024-12-14T10:59:32.754Z"}
{"level":"info","message":"Starting execution e8fd969a-7c09-4403-9e99-3c65e50a3f60 for language: cpp","timestamp":"2024-12-14T10:59:32.755Z"}
{"level":"info","message":"Starting execution a03a649e-f29d-4bfe-ac4b-669083d8ae10 for language: cpp","timestamp":"2024-12-14T10:59:32.756Z"}
{"level":"info","message":"Starting execution 345af1fb-835b-4af7-aca6-c7accbb1f0a4 for language: cpp","timestamp":"2024-12-14T10:59:32.757Z"}
{"level":"info","message":"Starting execution eec51222-d980-42fc-9542-3fb8e473ce1e for language: cpp","timestamp":"2024-12-14T10:59:32.758Z"}
{"level":"info","message":"Starting execution 40b4b67b-fdad-41e1-af0b-823c61d978cf for language: cpp","timestamp":"2024-12-14T10:59:32.759Z"}
{"level":"info","message":"Starting execution 1100c906-7f96-41ab-836c-08f6b08593a0 for language: cpp","timestamp":"2024-12-14T10:59:32.760Z"}
{"level":"info","message":"Starting execution 1c123ab4-8ae8-4340-8fe9-804d73171eda for language: cpp","timestamp":"2024-12-14T10:59:32.761Z"}
{"level":"info","message":"Starting execution 2ba9a34d-67d9-4e7f-98f0-b88b56e7f7c9 for language: cpp","timestamp":"2024-12-14T10:59:32.762Z"}
{"level":"info","message":"Starting execution 1b5f5b93-15be-4778-8361-3e1258086da9 for language: cpp","timestamp":"2024-12-14T10:59:32.763Z"}
{"level":"info","message":"Starting execution 702b09b6-4cc4-4f55-80e3-afdcf031e11c for language: cpp","timestamp":"2024-12-14T10:59:32.764Z"}
{"level":"info","message":"Starting execution c3b74838-86a1-4da5-a8ac-685283f8265e for language: cpp","timestamp":"2024-12-14T10:59:32.765Z"}
{"level":"info","message":"Starting execution a57db58e-327d-414d-8b75-991fb5bbb080 for language: cpp","timestamp":"2024-12-14T10:59:32.765Z"}
{"level":"info","message":"Starting execution 86b330e4-ae1e-4ddc-a002-8c13e0f03468 for language: cpp","timestamp":"2024-12-14T10:59:32.766Z"}
{"level":"info","message":"Starting execution 6aa2f575-684b-4299-9cce-cb77102b0655 for language: cpp","timestamp":"2024-12-14T10:59:32.767Z"}
{"level":"info","message":"Starting execution afba75b5-24a9-42f5-8775-6417950fcf46 for language: cpp","timestamp":"2024-12-14T10:59:32.768Z"}
{"level":"info","message":"Starting execution 6ef061e7-e38e-4daa-86e1-d5c18bc1f1dd for language: cpp","timestamp":"2024-12-14T10:59:32.769Z"}
{"level":"info","message":"Starting execution 908d6782-02ba-4f02-b4f2-785b29d857ef for language: cpp","timestamp":"2024-12-14T10:59:32.770Z"}
{"level":"info","message":"Starting execution 92704abd-e9cd-413d-8632-81a4d818a4d0 for language: cpp","timestamp":"2024-12-14T10:59:32.771Z"}
{"level":"info","message":"Starting execution 21b19674-7959-4cb8-97eb-f5407160ba1a for language: cpp","timestamp":"2024-12-14T10:59:32.772Z"}
{"level":"info","message":"Starting execution 08f60675-d833-4887-a0c6-bea3ecdee556 for language: cpp","timestamp":"2024-12-14T10:59:32.773Z"}
{"level":"info","message":"Starting execution 1067ea23-5ea9-4276-b322-8263d54dd236 for language: cpp","timestamp":"2024-12-14T10:59:32.774Z"}
{"level":"info","message":"Starting execution eb37c5fd-630b-46bd-8359-19e291aa67a5 for language: cpp","timestamp":"2024-12-14T10:59:32.774Z"}
{"level":"info","message":"Starting execution 49809f4f-c3e1-452d-860e-99309c90cb3c for language: cpp","timestamp":"2024-12-14T10:59:32.775Z"}
{"level":"info","message":"Starting execution a4159b87-ba0c-4bce-97a9-d0d1cd595470 for language: cpp","timestamp":"2024-12-14T10:59:32.776Z"}
{"level":"info","message":"Starting execution 5e77a1a0-1d87-4b0f-b242-8b277e927da7 for language: cpp","timestamp":"2024-12-14T10:59:32.777Z"}
{"level":"info","message":"Starting execution 36f0a307-f7f2-427b-bc55-e13336ece7fa for language: cpp","timestamp":"2024-12-14T10:59:32.778Z"}
{"level":"info","message":"Starting execution 29bc37c3-b81e-4932-ad4d-4a784dd84f74 for language: cpp","timestamp":"2024-12-14T10:59:32.779Z"}
{"level":"info","message":"Starting execution 476f023e-eae1-4d3c-a99d-a2fdc0e35049 for language: cpp","timestamp":"2024-12-14T10:59:32.780Z"}
{"level":"info","message":"Starting execution c8de06f8-d6cd-49d3-8720-f81547c89bd5 for language: cpp","timestamp":"2024-12-14T10:59:32.780Z"}
{"level":"info","message":"Starting execution c7c8718a-7ee9-4d6c-bcf7-1385e28f6e98 for language: cpp","timestamp":"2024-12-14T10:59:32.781Z"}
{"level":"info","message":"Starting execution b91df555-b731-42d6-b5b6-63f9a47f156e for language: cpp","timestamp":"2024-12-14T10:59:32.782Z"}
{"level":"info","message":"Starting execution 5791f2da-01ae-4bf6-9072-a67e4bef6a52 for language: cpp","timestamp":"2024-12-14T10:59:32.783Z"}
{"level":"info","message":"Starting execution 4cd3aa76-8ab6-4d7d-92ae-e4669907723f for language: cpp","timestamp":"2024-12-14T10:59:32.784Z"}
{"level":"info","message":"Starting execution 74810358-70c5-41e3-9df8-a877a86fbc51 for language: cpp","timestamp":"2024-12-14T10:59:32.785Z"}
{"level":"info","message":"Starting execution 5ae0dfbc-7b58-4c7b-84bb-c352d9448b25 for language: cpp","timestamp":"2024-12-14T10:59:32.786Z"}
{"level":"info","message":"Starting execution 843ad65a-d36a-4d97-8474-5460bc573d64 for language: cpp","timestamp":"2024-12-14T10:59:32.787Z"}
{"level":"info","message":"Starting execution 9d3a2cb9-1624-43a6-8b86-91fca909630f for language: cpp","timestamp":"2024-12-14T10:59:32.788Z"}
{"level":"info","message":"Starting execution 1d929dd1-2621-4dee-9d46-e2e103391c4b for language: cpp","timestamp":"2024-12-14T10:59:32.789Z"}
{"level":"info","message":"Starting execution 4b4bef13-6214-4519-84c3-a35f8504278a for language: cpp","timestamp":"2024-12-14T10:59:32.790Z"}
{"level":"info","message":"Starting execution 781ed61a-8d09-43ef-9f3b-1d4389732c5a for language: cpp","timestamp":"2024-12-14T10:59:32.792Z"}
{"level":"info","message":"Starting execution 43277b83-6e96-4b3f-b6ba-42320ef9c89d for language: cpp","timestamp":"2024-12-14T10:59:32.793Z"}
{"level":"info","message":"Starting execution e460ca95-3998-458b-9c56-7029113711bd for language: cpp","timestamp":"2024-12-14T10:59:32.793Z"}
{"level":"info","message":"Starting execution 1bf252af-ef9e-4caa-b4dd-487bf3f9af2f for language: cpp","timestamp":"2024-12-14T10:59:32.795Z"}
{"level":"info","message":"Starting execution 935bce84-828b-4c0e-8ead-fe6b7cd701b6 for language: cpp","timestamp":"2024-12-14T10:59:32.796Z"}
{"level":"info","message":"Starting execution 1f64f294-291b-4187-8a4e-8e11f1a51081 for language: cpp","timestamp":"2024-12-14T10:59:32.797Z"}
{"level":"info","message":"Starting execution 974a59e9-8f90-4043-8817-0443e0439269 for language: cpp","timestamp":"2024-12-14T10:59:32.798Z"}
{"level":"info","message":"Starting execution e3372a31-b156-4d11-9a6f-e872cad9ddff for language: cpp","timestamp":"2024-12-14T10:59:32.799Z"}
{"level":"info","message":"Starting execution 6316abb4-2fa8-4cdc-95b4-7a2c20881cb7 for language: cpp","timestamp":"2024-12-14T10:59:32.800Z"}
{"level":"info","message":"Starting execution 6cd8c090-145f-408a-ae83-f5a00765d76d for language: cpp","timestamp":"2024-12-14T10:59:32.801Z"}
{"level":"info","message":"Starting execution a6b470a3-89ff-4e4c-b4a7-8be136660b09 for language: cpp","timestamp":"2024-12-14T10:59:32.803Z"}
{"level":"info","message":"Starting execution 2bacbe75-0120-4f27-b1e4-eda920288cb0 for language: cpp","timestamp":"2024-12-14T10:59:32.804Z"}
{"level":"info","message":"Starting execution ea65fdd3-f2a1-4a06-a41b-21d2153a09f0 for language: cpp","timestamp":"2024-12-14T10:59:32.806Z"}
{"level":"info","message":"Starting execution 2927aa5b-1e9a-4789-9af6-35ad3bd792ee for language: cpp","timestamp":"2024-12-14T10:59:32.807Z"}
{"level":"info","message":"Starting execution 630c1a0e-7fd6-4cc7-84ae-e7969c1fc466 for language: cpp","timestamp":"2024-12-14T10:59:32.808Z"}
{"level":"info","message":"Starting execution 9232e812-2833-43f1-8452-ab3e40ce893d for language: cpp","timestamp":"2024-12-14T10:59:32.809Z"}
{"level":"info","message":"Starting execution 7462db40-eff5-48d9-96be-a01c0b4fdf9b for language: cpp","timestamp":"2024-12-14T10:59:32.810Z"}
{"level":"info","message":"Starting execution a70085cc-b7f0-4620-8c7c-bdbe39cde98e for language: cpp","timestamp":"2024-12-14T10:59:32.811Z"}
{"level":"info","message":"Starting execution da67eedd-e6d6-411c-9605-e63857f44f6e for language: cpp","timestamp":"2024-12-14T10:59:32.812Z"}
{"level":"info","message":"Starting execution 36b6357c-9ef0-4b8f-a8d9-89bda1ad9a1d for language: cpp","timestamp":"2024-12-14T10:59:32.813Z"}
{"level":"info","message":"Starting execution 83ffcf92-a9f8-4f2e-ad1d-266b7821fccf for language: cpp","timestamp":"2024-12-14T10:59:32.814Z"}
{"level":"info","message":"Starting execution 3ef1e766-9494-49e9-bd8d-a45e3ba4865f for language: cpp","timestamp":"2024-12-14T10:59:32.815Z"}
{"level":"info","message":"Server running on port 3000","timestamp":"2024-12-14T11:00:21.224Z"}
{"level":"info","message":"Server running on port 3000","timestamp":"2024-12-14T11:04:12.781Z"}
{"level":"info","message":"Server running on port 3000","timestamp":"2024-12-14T11:04:39.577Z"}
{"level":"info","message":"Server running on port 3000","timestamp":"2024-12-14T11:05:32.550Z"}
{"level":"info","message":"Starting execution 3a659499-e6b5-448c-b096-cdee5889a80c for language: cpp","timestamp":"2024-12-14T11:05:39.532Z"}
{"level":"info","message":"Starting execution 23b6c7fa-5236-4557-8852-04bda0de6cc6 for language: cpp","timestamp":"2024-12-14T11:05:39.535Z"}
{"level":"info","message":"Starting execution c4747382-ad92-4169-b07a-1e4b8de2dcfc for language: cpp","timestamp":"2024-12-14T11:05:39.537Z"}
{"level":"info","message":"Starting execution e113705c-b77f-48c5-b372-8c8574ed704b for language: cpp","timestamp":"2024-12-14T11:05:39.538Z"}
{"level":"info","message":"Starting execution 6d317571-c258-49ea-ae4f-9dfe33811ba5 for language: cpp","timestamp":"2024-12-14T11:05:39.540Z"}
{"level":"info","message":"Starting execution 8b306c96-49ed-472f-b0ac-ba8f78fab5f8 for language: cpp","timestamp":"2024-12-14T11:05:39.541Z"}
{"level":"info","message":"Starting execution d8237156-2c05-4666-aeb7-aeca944b2d08 for language: cpp","timestamp":"2024-12-14T11:05:39.543Z"}
{"level":"info","message":"Starting execution 92cc4ac4-f471-43ca-b775-8da7cb5bb97e for language: cpp","timestamp":"2024-12-14T11:05:39.544Z"}
{"level":"info","message":"Starting execution d0ec21e0-ea50-4c0a-8a21-3dc8e3747884 for language: cpp","timestamp":"2024-12-14T11:05:39.545Z"}
{"level":"info","message":"Starting execution 5c81a24c-8fa0-4adb-b00b-ce96677a3027 for language: cpp","timestamp":"2024-12-14T11:05:39.547Z"}
{"level":"info","message":"Starting execution 51d9b401-3676-4724-b151-00699a2fc59c for language: cpp","timestamp":"2024-12-14T11:05:39.549Z"}
{"level":"info","message":"Starting execution 896c5190-6046-4e91-9680-d785231d2290 for language: cpp","timestamp":"2024-12-14T11:05:39.550Z"}
{"level":"info","message":"Starting execution 5866083e-13ae-42aa-b1e1-0eaf249aefc4 for language: cpp","timestamp":"2024-12-14T11:05:39.552Z"}
{"level":"info","message":"Starting execution bb5b7e62-c454-4b1a-9ad7-a48eff6c4aaf for language: cpp","timestamp":"2024-12-14T11:05:39.553Z"}
{"level":"info","message":"Starting execution b15f5453-84f0-4d8c-b706-b45dc34caea8 for language: cpp","timestamp":"2024-12-14T11:05:39.555Z"}
{"level":"info","message":"Starting execution e5b673cb-5cb3-40e5-895b-e797d5ddc2c1 for language: cpp","timestamp":"2024-12-14T11:05:39.556Z"}
{"level":"info","message":"Starting execution 7a2ef763-2806-4756-bed1-5a827e4b47cf for language: cpp","timestamp":"2024-12-14T11:05:39.558Z"}
{"level":"info","message":"Starting execution 20cf21b7-e8f2-4497-9ead-e672168d948d for language: cpp","timestamp":"2024-12-14T11:05:39.559Z"}
{"level":"info","message":"Starting execution 0a9dbda9-7ab2-48cb-85d7-b5f3f4c45316 for language: cpp","timestamp":"2024-12-14T11:05:39.561Z"}
{"level":"info","message":"Starting execution f948e1ba-6ad1-4cb7-b8d0-cf1837d81199 for language: cpp","timestamp":"2024-12-14T11:05:39.562Z"}
{"level":"info","message":"Starting execution dcb4ed0b-4a53-4414-b4b2-92cc17e73d4e for language: cpp","timestamp":"2024-12-14T11:05:39.564Z"}
{"level":"info","message":"Starting execution c98a727a-49e2-4d31-b9d4-c9be7245dcb9 for language: cpp","timestamp":"2024-12-14T11:05:39.565Z"}
{"level":"info","message":"Starting execution d6935fc6-13c6-483d-98e7-a806a14e3ec9 for language: cpp","timestamp":"2024-12-14T11:05:39.566Z"}
{"level":"info","message":"Starting execution 9dc20d85-64da-45bd-b503-c7d6f86b42b2 for language: cpp","timestamp":"2024-12-14T11:05:39.567Z"}
{"level":"info","message":"Starting execution 46c6232f-0950-4514-944d-ab829dd554dc for language: cpp","timestamp":"2024-12-14T11:05:39.568Z"}
{"level":"info","message":"Starting execution a5d3322a-9411-422f-9192-437ce30d888b for language: cpp","timestamp":"2024-12-14T11:05:39.569Z"}
{"level":"info","message":"Starting execution e892bd4d-a89b-48d9-8c45-90e5d426de03 for language: cpp","timestamp":"2024-12-14T11:05:39.570Z"}
{"level":"info","message":"Starting execution 4e93e346-e352-435e-b4ca-d25f7f114fc0 for language: cpp","timestamp":"2024-12-14T11:05:39.571Z"}
{"level":"info","message":"Starting execution 81161bdc-48e8-4bd2-98ed-bfca9f55562a for language: cpp","timestamp":"2024-12-14T11:05:39.572Z"}
{"level":"info","message":"Starting execution 1cbce43e-c52f-45ba-832f-4b0f8a5c7077 for language: cpp","timestamp":"2024-12-14T11:05:39.574Z"}
{"level":"info","message":"Starting execution c01b35b7-8c9c-4a97-80da-872a87420d15 for language: cpp","timestamp":"2024-12-14T11:05:39.575Z"}
{"level":"info","message":"Starting execution e6e56abc-4e86-4f65-b425-b96876f2987b for language: cpp","timestamp":"2024-12-14T11:05:39.576Z"}
{"level":"info","message":"Starting execution 681604d8-263c-40db-b859-4d940c741f29 for language: cpp","timestamp":"2024-12-14T11:05:39.576Z"}
{"level":"info","message":"Starting execution 3634720e-603a-4480-8fda-324c55413ef3 for language: cpp","timestamp":"2024-12-14T11:05:39.577Z"}
{"level":"info","message":"Starting execution 3548d206-11d2-4c60-900c-d3190500a2aa for language: cpp","timestamp":"2024-12-14T11:05:39.578Z"}
{"level":"info","message":"Starting execution 9aa8be73-5fd3-4dac-b007-bc0a2ea66771 for language: cpp","timestamp":"2024-12-14T11:05:39.579Z"}
{"level":"info","message":"Starting execution 5f83a83a-bdb3-4ddc-9e26-e3f7ed7baa13 for language: cpp","timestamp":"2024-12-14T11:05:39.581Z"}
{"level":"info","message":"Starting execution 7a9ca2a4-fff3-4ba1-9478-bc5a91ea8fac for language: cpp","timestamp":"2024-12-14T11:05:39.582Z"}
{"level":"info","message":"Starting execution 0af2f09e-f521-45c7-b3e9-6670df3a4be0 for language: cpp","timestamp":"2024-12-14T11:05:39.583Z"}
{"level":"info","message":"Starting execution a8289692-651b-4022-ad81-84dcfd19a769 for language: cpp","timestamp":"2024-12-14T11:05:39.583Z"}
{"level":"info","message":"Starting execution 26da1630-abf3-4ca3-a24a-2a814b08a4ca for language: cpp","timestamp":"2024-12-14T11:05:39.584Z"}
{"level":"info","message":"Starting execution 7d9874bd-e334-4842-bf67-47fd291d200d for language: cpp","timestamp":"2024-12-14T11:05:39.585Z"}
{"level":"info","message":"Starting execution 4bd04b7b-7a1e-4f99-b16f-246cad6762f9 for language: cpp","timestamp":"2024-12-14T11:05:39.586Z"}
{"level":"info","message":"Starting execution e8134bba-b13b-4332-a234-9bd9576beb4f for language: cpp","timestamp":"2024-12-14T11:05:39.587Z"}
{"level":"info","message":"Starting execution 0a6ba6a7-1de1-47b3-baf1-a89096632732 for language: cpp","timestamp":"2024-12-14T11:05:39.588Z"}
{"level":"info","message":"Starting execution fe403a4e-0cd6-477d-8e04-398b4f116a4f for language: cpp","timestamp":"2024-12-14T11:05:39.589Z"}
{"level":"info","message":"Starting execution 3c820c13-8d77-418a-a51d-23d5c6c47258 for language: cpp","timestamp":"2024-12-14T11:05:39.590Z"}
{"level":"info","message":"Starting execution 61d76ed4-70d8-4cb5-994e-6da6eaf5e755 for language: cpp","timestamp":"2024-12-14T11:05:39.591Z"}
{"level":"info","message":"Starting execution 05266b0c-5148-4fdf-9e25-a69942cfa1b5 for language: cpp","timestamp":"2024-12-14T11:05:39.592Z"}
{"level":"info","message":"Starting execution 7c169e28-c2e5-45fb-b3d4-69fa47eb96dc for language: cpp","timestamp":"2024-12-14T11:05:39.593Z"}
{"level":"info","message":"Starting execution ea8840e4-1394-4f73-b6bb-ceb671000009 for language: cpp","timestamp":"2024-12-14T11:05:39.594Z"}
{"level":"info","message":"Starting execution d640dc9c-e4fb-4a33-8bf7-6a43ab8395d8 for language: cpp","timestamp":"2024-12-14T11:05:39.595Z"}
{"level":"info","message":"Starting execution b5c0cb64-cf2f-4694-aac4-2e91b0378dde for language: cpp","timestamp":"2024-12-14T11:05:39.596Z"}
{"level":"info","message":"Starting execution 1f6381a2-33ae-4db3-83c6-69480cf2ab2f for language: cpp","timestamp":"2024-12-14T11:05:39.597Z"}
{"level":"info","message":"Starting execution 853422ae-faeb-4fd9-8779-9d3013e39abf for language: cpp","timestamp":"2024-12-14T11:05:39.598Z"}
{"level":"info","message":"Starting execution 024f33cf-c965-4d35-8b10-d344f8eb807b for language: cpp","timestamp":"2024-12-14T11:05:39.599Z"}
{"level":"info","message":"Starting execution c52f785c-4cd8-4b67-b5a3-d442ee138534 for language: cpp","timestamp":"2024-12-14T11:05:39.600Z"}
{"level":"info","message":"Starting execution 2ce26a94-299f-4f6f-b259-67e025e51d16 for language: cpp","timestamp":"2024-12-14T11:05:39.601Z"}
{"level":"info","message":"Starting execution 4195748d-d2e8-4a07-a086-eacb69aa90fa for language: cpp","timestamp":"2024-12-14T11:05:39.602Z"}
{"level":"info","message":"Starting execution 0e5da0a8-e731-43ac-85f1-ff8410ca9402 for language: cpp","timestamp":"2024-12-14T11:05:39.603Z"}
{"level":"info","message":"Starting execution e2048a33-0733-45e1-8c87-e7d1d13391a5 for language: cpp","timestamp":"2024-12-14T11:05:39.604Z"}
{"level":"info","message":"Starting execution adfe7d22-2b7a-4ab2-b7d5-d8bfe93b4bc3 for language: cpp","timestamp":"2024-12-14T11:05:39.605Z"}
{"level":"info","message":"Starting execution 70ddeae5-b487-4c9f-995c-ea0a01068c38 for language: cpp","timestamp":"2024-12-14T11:05:39.606Z"}
{"level":"info","message":"Starting execution a597d6b7-8bb1-4a84-9f6a-c466b73e47fd for language: cpp","timestamp":"2024-12-14T11:05:39.607Z"}
{"level":"info","message":"Starting execution a9a99086-088d-4a51-8c38-55fb17129855 for language: cpp","timestamp":"2024-12-14T11:05:39.608Z"}
{"level":"info","message":"Starting execution 1659f7fe-d7cf-4227-9530-d8a81834966c for language: cpp","timestamp":"2024-12-14T11:05:39.609Z"}
{"level":"info","message":"Starting execution 27d2645a-ce3d-4ee4-bf02-75f46ecbc10f for language: cpp","timestamp":"2024-12-14T11:05:39.609Z"}
{"level":"info","message":"Starting execution d2c197bc-dce8-436c-b724-90b955f92d41 for language: cpp","timestamp":"2024-12-14T11:05:39.610Z"}
{"level":"info","message":"Starting execution e37fa4dc-6f58-4f39-9286-df09d70722fe for language: cpp","timestamp":"2024-12-14T11:05:39.611Z"}
{"level":"info","message":"Starting execution a60c0a64-0967-4e8d-a582-440930ab9aa0 for language: cpp","timestamp":"2024-12-14T11:05:39.612Z"}
{"level":"info","message":"Starting execution 323d17d6-3d56-4e1e-9aa0-807aa180dda5 for language: cpp","timestamp":"2024-12-14T11:05:39.613Z"}
{"level":"info","message":"Starting execution b143e0de-5220-4d86-b6da-f8b67b5663ce for language: cpp","timestamp":"2024-12-14T11:05:39.615Z"}
{"level":"info","message":"Starting execution 37f7589b-f71d-4bc3-b44b-4093e938cbde for language: cpp","timestamp":"2024-12-14T11:05:39.616Z"}
{"level":"info","message":"Starting execution 8402c354-2cf1-4198-914a-3a50a92eaf2a for language: cpp","timestamp":"2024-12-14T11:05:39.616Z"}
{"level":"info","message":"Starting execution 7082ef1f-0ce6-4080-a082-79f397fd6a17 for language: cpp","timestamp":"2024-12-14T11:05:39.617Z"}
{"level":"info","message":"Starting execution 1de8b57a-ebe6-4daa-9a29-dcd3d0ffb3d4 for language: cpp","timestamp":"2024-12-14T11:05:39.618Z"}
{"level":"info","message":"Starting execution 5946a834-abc1-4542-831e-0637c509638a for language: cpp","timestamp":"2024-12-14T11:05:39.619Z"}
{"level":"info","message":"Starting execution 0e8865af-382a-4ac8-b3a8-b717606edd11 for language: cpp","timestamp":"2024-12-14T11:05:39.620Z"}
{"level":"info","message":"Starting execution a31a579e-3b47-477e-a8c2-28f08f369493 for language: cpp","timestamp":"2024-12-14T11:05:39.621Z"}
{"level":"info","message":"Starting execution aecf75fc-ea56-45ae-a4d0-25045330c6e3 for language: cpp","timestamp":"2024-12-14T11:05:39.623Z"}
{"level":"info","message":"Starting execution e4542e1d-6bde-44ac-ab86-ce1b59ebad64 for language: cpp","timestamp":"2024-12-14T11:05:39.624Z"}
{"level":"info","message":"Starting execution 2e72b9c7-17d3-48eb-9010-005a6a2abe28 for language: cpp","timestamp":"2024-12-14T11:05:39.625Z"}
{"level":"info","message":"Starting execution e429879a-3552-42c0-9453-c92cced9e7c9 for language: cpp","timestamp":"2024-12-14T11:05:39.626Z"}
{"level":"info","message":"Starting execution df45b91a-c175-4354-b09f-161482d30c1d for language: cpp","timestamp":"2024-12-14T11:05:39.627Z"}
{"level":"info","message":"Starting execution 02696714-8099-4a4a-b7f1-bb689ba86007 for language: cpp","timestamp":"2024-12-14T11:05:39.628Z"}
{"level":"info","message":"Starting execution 6c41b78d-7312-4d03-bf69-8b44981d3392 for language: cpp","timestamp":"2024-12-14T11:05:39.629Z"}
{"level":"info","message":"Starting execution acaaaf08-2473-4e40-9d14-268495132f59 for language: cpp","timestamp":"2024-12-14T11:05:39.630Z"}
{"level":"info","message":"Starting execution b96bc3b1-fcb5-4a46-9435-853d2196bdcf for language: cpp","timestamp":"2024-12-14T11:05:39.631Z"}
{"level":"info","message":"Starting execution 1ec29f19-686d-45f6-b072-0d0a6bd64e99 for language: cpp","timestamp":"2024-12-14T11:05:39.632Z"}
{"level":"info","message":"Starting execution 62e06bab-8ac4-4d53-9f76-410fb14dc98a for language: cpp","timestamp":"2024-12-14T11:05:39.633Z"}
{"level":"info","message":"Starting execution 4f97b1e6-bf88-4e23-8ccc-ec4a265bbc84 for language: cpp","timestamp":"2024-12-14T11:05:39.634Z"}
{"level":"info","message":"Starting execution 1facc140-9a8c-4fba-8de3-974c905c4305 for language: cpp","timestamp":"2024-12-14T11:05:39.635Z"}
{"level":"info","message":"Starting execution 0774226c-7e5b-437d-b1e2-48be039487f3 for language: cpp","timestamp":"2024-12-14T11:05:39.636Z"}
{"level":"info","message":"Starting execution 93c51a28-3728-4e71-81b3-2432a0451da9 for language: cpp","timestamp":"2024-12-14T11:05:39.637Z"}
{"level":"info","message":"Starting execution b2ce06e7-a709-4f08-a237-b33a09d75f5a for language: cpp","timestamp":"2024-12-14T11:05:39.638Z"}
{"level":"info","message":"Starting execution 5eb18d6c-d6f6-4afe-97d3-b44ef46dbb61 for language: cpp","timestamp":"2024-12-14T11:05:39.639Z"}
{"level":"info","message":"Starting execution f8d53bba-4311-451c-ac50-385fa06b9caa for language: cpp","timestamp":"2024-12-14T11:05:39.640Z"}
{"level":"info","message":"Starting execution 0917f65b-2497-4c2e-8177-669f3f0fd0c5 for language: cpp","timestamp":"2024-12-14T11:05:39.641Z"}
{"level":"info","message":"Starting execution ec9fef7d-364b-46d0-9242-decf1cc16c94 for language: cpp","timestamp":"2024-12-14T11:05:39.642Z"}
{"level":"info","message":"Starting execution 2cb95c8c-8b8c-461a-bf54-377995cecbca for language: cpp","timestamp":"2024-12-14T11:05:39.643Z"}
{"level":"info","message":"Server running on port 3000","timestamp":"2024-12-14T11:06:36.975Z"}
{"level":"info","message":"Starting execution 066b95a6-dd50-4488-8d94-749e825c0b1b for language: java","timestamp":"2024-12-14T11:06:40.443Z"}
{"level":"info","message":"Starting execution ac803e11-11d2-4299-964a-52d2a8c160a7 for language: java","timestamp":"2024-12-14T11:06:40.447Z"}
{"level":"info","message":"Starting execution f370d70f-41f4-4fd8-b088-1c3f054b6de4 for language: java","timestamp":"2024-12-14T11:06:40.449Z"}
{"level":"info","message":"Starting execution 52033345-2d2d-478e-a3cb-290da1638a6d for language: java","timestamp":"2024-12-14T11:06:40.450Z"}
{"level":"info","message":"Starting execution 85d9bf87-981e-4fbd-9ad9-9c0c84b4d6e9 for language: java","timestamp":"2024-12-14T11:06:40.452Z"}
{"level":"info","message":"Starting execution 57c67472-1ac8-452f-99af-18fabf2de4e5 for language: java","timestamp":"2024-12-14T11:06:40.453Z"}
{"level":"info","message":"Starting execution 866dcbc1-d7d9-48d6-83e6-1ba27b55a6c1 for language: java","timestamp":"2024-12-14T11:06:40.455Z"}
{"level":"info","message":"Starting execution 510eedab-6d8c-4d45-aea3-d52a3ab60d4b for language: java","timestamp":"2024-12-14T11:06:40.456Z"}
{"level":"info","message":"Starting execution 884c3f99-0b87-4c76-9e61-db22cebf4647 for language: java","timestamp":"2024-12-14T11:06:40.458Z"}
{"level":"info","message":"Starting execution cb5a8038-c9da-4635-8de7-fc4f15acac21 for language: java","timestamp":"2024-12-14T11:06:40.460Z"}
{"level":"info","message":"Starting execution 912f0565-c8d6-4165-8acc-c63fc2c067ac for language: java","timestamp":"2024-12-14T11:06:40.462Z"}
{"level":"info","message":"Starting execution ba0701ba-44e6-4885-afb8-4db830c8bc27 for language: java","timestamp":"2024-12-14T11:06:40.463Z"}
{"level":"info","message":"Starting execution 5678f429-ab92-475b-ad46-6757f888eec5 for language: java","timestamp":"2024-12-14T11:06:40.465Z"}
{"level":"info","message":"Starting execution 98494037-277d-44f6-9441-6ec2cc1ca4b6 for language: java","timestamp":"2024-12-14T11:06:40.466Z"}
{"level":"info","message":"Starting execution 4037dd40-d29b-48a2-a237-6bcd38a24696 for language: java","timestamp":"2024-12-14T11:06:40.468Z"}
{"level":"info","message":"Starting execution df1614ab-2118-4875-98a3-bcba6781f5e3 for language: java","timestamp":"2024-12-14T11:06:40.469Z"}
{"level":"info","message":"Starting execution 1967f651-60d6-457a-9114-6fbe90bddf1a for language: java","timestamp":"2024-12-14T11:06:40.471Z"}
{"level":"info","message":"Starting execution dc38b70d-57ca-4f31-93d6-a24fdbeb49a7 for language: java","timestamp":"2024-12-14T11:06:40.472Z"}
{"level":"info","message":"Starting execution db5d7b3a-8f37-4446-a525-552ee4eeb8a4 for language: java","timestamp":"2024-12-14T11:06:40.474Z"}
{"level":"info","message":"Starting execution fcc31c6c-a33f-4117-9048-7b21a38a4940 for language: java","timestamp":"2024-12-14T11:06:40.475Z"}
{"level":"info","message":"Starting execution 803bab66-abcb-4d72-af53-c777eef4f7e9 for language: java","timestamp":"2024-12-14T11:06:40.476Z"}
{"level":"info","message":"Starting execution 8089d1bd-eef4-434c-bd2e-aaff31a619a0 for language: java","timestamp":"2024-12-14T11:06:40.477Z"}
{"level":"info","message":"Starting execution cbc19215-53e0-4800-aba0-fbe6cb63eeea for language: java","timestamp":"2024-12-14T11:06:40.478Z"}
{"level":"info","message":"Starting execution 0a9e3642-5d9e-4820-97d8-bcdf74f6b49e for language: java","timestamp":"2024-12-14T11:06:40.479Z"}
{"level":"info","message":"Starting execution a9e28348-44c4-49d9-aea3-a2a4ffa6f449 for language: java","timestamp":"2024-12-14T11:06:40.480Z"}
{"level":"info","message":"Starting execution f0982f03-bf72-47a5-b2a7-3129e7d84de5 for language: java","timestamp":"2024-12-14T11:06:40.481Z"}
{"level":"info","message":"Starting execution 9fed073d-89db-4692-b680-97ea44f69509 for language: java","timestamp":"2024-12-14T11:06:40.482Z"}
{"level":"info","message":"Starting execution 17f8bc53-497d-41b4-a65e-29bb766a1206 for language: java","timestamp":"2024-12-14T11:06:40.483Z"}
{"level":"info","message":"Starting execution 4ebc44c9-b4eb-4b1b-a988-10d17f5dd704 for language: java","timestamp":"2024-12-14T11:06:40.484Z"}
{"level":"info","message":"Starting execution 5a07cfe2-f237-4660-9ebd-dd7298fd77f0 for language: java","timestamp":"2024-12-14T11:06:40.485Z"}
{"level":"info","message":"Starting execution c8dc31a2-6296-44aa-a6a7-5510d0715ee4 for language: java","timestamp":"2024-12-14T11:06:40.486Z"}
{"level":"info","message":"Starting execution 2c6a637b-92a6-4fba-aefe-ab525da6e579 for language: java","timestamp":"2024-12-14T11:06:40.487Z"}
{"level":"info","message":"Starting execution 20a91c94-3eeb-49d5-8558-f4e3122922d4 for language: java","timestamp":"2024-12-14T11:06:40.488Z"}
{"level":"info","message":"Starting execution b95f623e-0fb8-4f92-9c3e-e7e7b00e128f for language: java","timestamp":"2024-12-14T11:06:40.490Z"}
{"level":"info","message":"Starting execution 092a7c21-3676-4c99-ae42-d2d65f319171 for language: java","timestamp":"2024-12-14T11:06:40.490Z"}
{"level":"info","message":"Starting execution 6ad17301-a148-4cbd-94e4-15d11f098589 for language: java","timestamp":"2024-12-14T11:06:40.491Z"}
{"level":"info","message":"Starting execution 2d80be7c-032e-4150-92ae-7a8db8dfc267 for language: java","timestamp":"2024-12-14T11:06:40.493Z"}
{"level":"info","message":"Starting execution 2b1b8645-6e64-4cc4-99de-fe875399fa82 for language: java","timestamp":"2024-12-14T11:06:40.494Z"}
{"level":"info","message":"Starting execution d2a4ddef-7ea2-45fe-b0c7-1ee54e0bc3f4 for language: java","timestamp":"2024-12-14T11:06:40.495Z"}
{"level":"info","message":"Starting execution 7a4890ec-55dc-4e98-b2d3-f2f3dcba79e5 for language: java","timestamp":"2024-12-14T11:06:40.496Z"}
{"level":"info","message":"Starting execution cb0f7aa9-9b57-4253-ad3b-4c81d622f371 for language: java","timestamp":"2024-12-14T11:06:40.497Z"}
{"level":"info","message":"Starting execution adff782f-f772-4d05-bec3-a0a56a4d51a8 for language: java","timestamp":"2024-12-14T11:06:40.498Z"}
{"level":"info","message":"Starting execution 7e29b62f-993f-48b6-b8dc-829ca8428255 for language: java","timestamp":"2024-12-14T11:06:40.499Z"}
{"level":"info","message":"Starting execution 37558b85-3889-4cfe-9122-9c41323cce05 for language: java","timestamp":"2024-12-14T11:06:40.500Z"}
{"level":"info","message":"Starting execution bfe27000-845d-4a35-9f05-8c08899bf0c8 for language: java","timestamp":"2024-12-14T11:06:40.501Z"}
{"level":"info","message":"Starting execution f771a0e2-60be-4f2b-abfc-b83530735bb6 for language: java","timestamp":"2024-12-14T11:06:40.502Z"}
{"level":"info","message":"Starting execution 68fb6e81-d0cf-40ac-bc62-285f90562e41 for language: java","timestamp":"2024-12-14T11:06:40.503Z"}
{"level":"info","message":"Starting execution f2c127ad-8101-42ac-99d7-7d393c21d062 for language: java","timestamp":"2024-12-14T11:06:40.504Z"}
{"level":"info","message":"Starting execution f4360054-b336-4473-a07d-1622643ca5c1 for language: java","timestamp":"2024-12-14T11:06:40.505Z"}
{"level":"info","message":"Starting execution 0e65bda4-77c5-47f1-8faa-d06e1e90a6cb for language: java","timestamp":"2024-12-14T11:06:40.506Z"}
{"level":"info","message":"Starting execution 265f34ab-26c0-494a-be8b-c1fb6e70e595 for language: java","timestamp":"2024-12-14T11:06:40.507Z"}
{"level":"info","message":"Starting execution 7c805ef8-811a-4303-a97d-b26d0ea0d153 for language: java","timestamp":"2024-12-14T11:06:40.508Z"}
{"level":"info","message":"Starting execution 1b98c02c-b6ce-4da1-9b9d-cd94db66b36f for language: java","timestamp":"2024-12-14T11:06:40.509Z"}
{"level":"info","message":"Starting execution 001f8be7-afd2-4fd3-81f9-da16ed51def5 for language: java","timestamp":"2024-12-14T11:06:40.510Z"}
{"level":"info","message":"Starting execution b53c4ab9-6228-4858-9d23-a3cb6e1cb580 for language: java","timestamp":"2024-12-14T11:06:40.511Z"}
{"level":"info","message":"Starting execution b33ba6e3-db2a-4f4c-8b96-5df8e5a7209e for language: java","timestamp":"2024-12-14T11:06:40.512Z"}
{"level":"info","message":"Starting execution 0e36be1b-c103-439f-a348-c3d9c9bf7353 for language: java","timestamp":"2024-12-14T11:06:40.513Z"}
{"level":"info","message":"Starting execution d4a1365c-8e4c-4cec-ad3c-2d6310f52c64 for language: java","timestamp":"2024-12-14T11:06:40.514Z"}
{"level":"info","message":"Starting execution 82423e04-c83f-435f-95c0-c9ff370e2aab for language: java","timestamp":"2024-12-14T11:06:40.515Z"}
{"level":"info","message":"Starting execution 93aa9a6f-5683-4b04-9c93-e8d6c1029395 for language: java","timestamp":"2024-12-14T11:06:40.516Z"}
{"level":"info","message":"Starting execution 0e2cb1e0-9633-4639-9640-0cee2c1d85ce for language: java","timestamp":"2024-12-14T11:06:40.517Z"}
{"level":"info","message":"Starting execution f8847ce0-381c-4b5f-b30c-88749d7d73df for language: java","timestamp":"2024-12-14T11:06:40.518Z"}
{"level":"info","message":"Starting execution da52a799-5215-4cdd-b7b7-f4625f5653e6 for language: java","timestamp":"2024-12-14T11:06:40.519Z"}
{"level":"info","message":"Starting execution ceaef9ea-fa3e-444a-bc6d-c6ffa43a4172 for language: java","timestamp":"2024-12-14T11:06:40.520Z"}
{"level":"info","message":"Starting execution 391be6bd-587d-4d1d-a56c-b3fa48ca455c for language: java","timestamp":"2024-12-14T11:06:40.521Z"}
{"level":"info","message":"Starting execution 1b45b43b-dcd9-4e43-8802-4d75860acdaa for language: java","timestamp":"2024-12-14T11:06:40.522Z"}
{"level":"info","message":"Starting execution 41d8202a-1a71-4ede-9ada-f1da1dc9cd7a for language: java","timestamp":"2024-12-14T11:06:40.523Z"}
{"level":"info","message":"Starting execution 27904810-2d79-42e5-91ee-2a446c002b1a for language: java","timestamp":"2024-12-14T11:06:40.524Z"}
{"level":"info","message":"Starting execution d86786d4-a8ec-4ab1-a959-7498b31358d2 for language: java","timestamp":"2024-12-14T11:06:40.525Z"}
{"level":"info","message":"Starting execution 7b6f51d4-68d8-4062-8e15-da9414faa118 for language: java","timestamp":"2024-12-14T11:06:40.526Z"}
{"level":"info","message":"Starting execution 7af61bb8-53cb-4a46-b46b-0ee06805e0a9 for language: java","timestamp":"2024-12-14T11:06:40.527Z"}
{"level":"info","message":"Starting execution 897b1052-7a44-4119-9855-c4dbb6f76358 for language: java","timestamp":"2024-12-14T11:06:40.528Z"}
{"level":"info","message":"Starting execution 8b3911dd-5c43-4264-a921-4e4a9c54e863 for language: java","timestamp":"2024-12-14T11:06:40.529Z"}
{"level":"info","message":"Starting execution 918a6b40-f688-415c-9b75-dbe4a537df97 for language: java","timestamp":"2024-12-14T11:06:40.530Z"}
{"level":"info","message":"Starting execution 4b2c2142-f564-4fe1-b0fb-4b636a6feb04 for language: java","timestamp":"2024-12-14T11:06:40.531Z"}
{"level":"info","message":"Starting execution aea7a1ed-7731-427f-8416-154c91989d0e for language: java","timestamp":"2024-12-14T11:06:40.532Z"}
{"level":"info","message":"Starting execution a8d4fd9c-d3a4-45ce-858c-65b4261e40e1 for language: java","timestamp":"2024-12-14T11:06:40.533Z"}
{"level":"info","message":"Starting execution 286a93ae-1986-4495-93d8-f229fad9e62e for language: java","timestamp":"2024-12-14T11:06:40.534Z"}
{"level":"info","message":"Starting execution 36d67617-67dd-4bbb-b6bc-d644a807401f for language: java","timestamp":"2024-12-14T11:06:40.535Z"}
{"level":"info","message":"Starting execution 8ccefc4b-8357-47a8-97a1-37ceb83857e3 for language: java","timestamp":"2024-12-14T11:06:40.537Z"}
{"level":"info","message":"Starting execution 32f2b671-5eb2-47d5-9902-3baa86dcd739 for language: java","timestamp":"2024-12-14T11:06:40.538Z"}
{"level":"info","message":"Starting execution 3d8b83c9-303c-47d8-b15a-563b9e20e3be for language: java","timestamp":"2024-12-14T11:06:40.538Z"}
{"level":"info","message":"Starting execution 6084224b-97a8-4742-9ca1-eae5adc45a13 for language: java","timestamp":"2024-12-14T11:06:40.539Z"}
{"level":"info","message":"Starting execution 79c05b1f-d807-4541-b9e6-0a7c9ed372fc for language: java","timestamp":"2024-12-14T11:06:40.540Z"}
{"level":"info","message":"Starting execution 6a5d8d62-0239-4528-a052-45d7ee594708 for language: java","timestamp":"2024-12-14T11:06:40.542Z"}
{"level":"info","message":"Starting execution 4090820d-5af8-4ac9-bfae-2cb53d94e6eb for language: java","timestamp":"2024-12-14T11:06:40.542Z"}
{"level":"info","message":"Starting execution 34b1ec45-a4cf-46f2-8642-5ff89724c939 for language: java","timestamp":"2024-12-14T11:06:40.544Z"}
{"level":"info","message":"Starting execution b9ecbb51-3f96-47be-8cc7-e46b1dfddccf for language: java","timestamp":"2024-12-14T11:06:40.545Z"}
{"level":"info","message":"Starting execution 9578e429-9f0d-4167-a0c6-1a423865744e for language: java","timestamp":"2024-12-14T11:06:40.546Z"}
{"level":"info","message":"Starting execution 6241dddc-2eae-4ce3-a73a-209c08690172 for language: java","timestamp":"2024-12-14T11:06:40.547Z"}
{"level":"info","message":"Starting execution df2c1e19-5b3c-4c7b-a106-1804b5d808d4 for language: java","timestamp":"2024-12-14T11:06:40.548Z"}
{"level":"info","message":"Starting execution 0e108b10-2986-461e-bedd-58c8c9d0be28 for language: java","timestamp":"2024-12-14T11:06:40.549Z"}
{"level":"info","message":"Starting execution 4357bdbc-3147-4ebe-bb20-de01b9e3d226 for language: java","timestamp":"2024-12-14T11:06:40.550Z"}
{"level":"info","message":"Starting execution 10ea5d19-b635-40a1-ac37-9a0f1bce1a43 for language: java","timestamp":"2024-12-14T11:06:40.551Z"}
{"level":"info","message":"Starting execution df1f8def-3c89-459b-852a-5063bb6109db for language: java","timestamp":"2024-12-14T11:06:40.552Z"}
{"level":"info","message":"Starting execution 692a98be-5588-4999-9bea-815efa73d595 for language: java","timestamp":"2024-12-14T11:06:40.553Z"}
{"level":"info","message":"Starting execution ce58c598-e6b3-4e0b-9cd6-7d41fc971876 for language: java","timestamp":"2024-12-14T11:06:40.553Z"}
{"level":"info","message":"Starting execution 9aaf42e9-878f-4ad3-a08c-db257a4da241 for language: java","timestamp":"2024-12-14T11:06:40.554Z"}
{"level":"info","message":"Starting execution bcea1944-45c9-4999-97fa-7f35598edbc5 for language: java","timestamp":"2024-12-14T11:06:40.555Z"}
{"level":"info","message":"Starting execution 41e76b55-9db4-4021-8740-c09460553671 for language: java","timestamp":"2024-12-14T11:06:40.556Z"}
